[2026-05-14T17:37:13.017+0000] {local_task_job_runner.py:123} INFO - ::group::Pre task execution logs
[2026-05-14T17:37:13.028+0000] {taskinstance.py:2613} INFO - Dependencies all met for dep_context=non-requeueable deps ti=<TaskInstance: sunnday_customer_etl_dag.query_postgres_task manual__2026-05-14T17:36:25.706178+00:00 [queued]>
[2026-05-14T17:37:13.033+0000] {taskinstance.py:2613} INFO - Dependencies all met for dep_context=requeueable deps ti=<TaskInstance: sunnday_customer_etl_dag.query_postgres_task manual__2026-05-14T17:36:25.706178+00:00 [queued]>
[2026-05-14T17:37:13.034+0000] {taskinstance.py:2866} INFO - Starting attempt 2 of 3
[2026-05-14T17:37:13.041+0000] {taskinstance.py:2889} INFO - Executing <Task(PythonOperator): query_postgres_task> on 2026-05-14 17:36:25.706178+00:00
[2026-05-14T17:37:13.051+0000] {logging_mixin.py:190} WARNING - /home/***/.local/lib/python3.12/site-packages/***/task/task_runner/standard_task_runner.py:70 DeprecationWarning: This process (pid=451) is multi-threaded, use of fork() may lead to deadlocks in the child.
[2026-05-14T17:37:13.052+0000] {standard_task_runner.py:72} INFO - Started process 452 to run task
[2026-05-14T17:37:13.050+0000] {standard_task_runner.py:104} INFO - Running: ['***', 'tasks', 'run', 'sunnday_customer_etl_dag', 'query_postgres_task', 'manual__2026-05-14T17:36:25.706178+00:00', '--job-id', '4', '--raw', '--subdir', 'DAGS_FOLDER/sunnday_customer_etl_dag.py', '--cfg-path', '/tmp/tmpgeo4b_k0']
[2026-05-14T17:37:13.053+0000] {standard_task_runner.py:105} INFO - Job 4: Subtask query_postgres_task
[2026-05-14T17:37:13.082+0000] {task_command.py:467} INFO - Running <TaskInstance: sunnday_customer_etl_dag.query_postgres_task manual__2026-05-14T17:36:25.706178+00:00 [running]> on host e4b413dc0547
[2026-05-14T17:37:13.124+0000] {taskinstance.py:3132} INFO - Exporting env vars: AIRFLOW_CTX_DAG_OWNER='***' AIRFLOW_CTX_DAG_ID='sunnday_customer_etl_dag' AIRFLOW_CTX_TASK_ID='query_postgres_task' AIRFLOW_CTX_EXECUTION_DATE='2026-05-14T17:36:25.706178+00:00' AIRFLOW_CTX_TRY_NUMBER='2' AIRFLOW_CTX_DAG_RUN_ID='manual__2026-05-14T17:36:25.706178+00:00'
[2026-05-14T17:37:13.125+0000] {taskinstance.py:731} INFO - ::endgroup::
[2026-05-14T17:37:13.135+0000] {base.py:84} INFO - Retrieving connection 'postgres_localhost'
[2026-05-14T17:37:13.147+0000] {logging_mixin.py:190} INFO -    customer_id  company_id first_name  ... created_by  updated_by        loaddt
0           11           1       John  ...     system      system  202605142100
1           12           1       Jane  ...     system      system  202605142100
2           13           2    Michael  ...      admin       admin  202605142100
3           14           2      Emily  ...      admin       admin  202605142100
4           15           1      David  ...   etl_user    etl_user  202605142100
5           16           1      Sarah  ...   etl_user    etl_user  202605142100
6           17           2      Chris  ...  data_team   data_team  202605142100
7           18           2       Lisa  ...  data_team   data_team  202605142100
8           19           2     Daniel  ...     system      system  202605142100
9           20           2       Anna  ...     system      system  202605142100

[10 rows x 15 columns]
[2026-05-14T17:37:13.173+0000] {logging_mixin.py:190} INFO - Data inserted successfully.
[2026-05-14T17:37:13.174+0000] {python.py:240} INFO - Done. Returned value was: None
[2026-05-14T17:37:13.180+0000] {taskinstance.py:340} INFO - ::group::Post task execution logs
[2026-05-14T17:37:13.180+0000] {taskinstance.py:352} INFO - Marking task as SUCCESS. dag_id=sunnday_customer_etl_dag, task_id=query_postgres_task, run_id=manual__2026-05-14T17:36:25.706178+00:00, execution_date=20260514T173625, start_date=20260514T173713, end_date=20260514T173713
[2026-05-14T17:37:13.195+0000] {local_task_job_runner.py:266} INFO - Task exited with return code 0
[2026-05-14T17:37:13.210+0000] {taskinstance.py:3895} INFO - 1 downstream tasks scheduled from follow-on schedule check
[2026-05-14T17:37:13.211+0000] {local_task_job_runner.py:245} INFO - ::endgroup::
