[2026-05-14T17:36:27.533+0000] {local_task_job_runner.py:123} INFO - ::group::Pre task execution logs
[2026-05-14T17:36:27.542+0000] {taskinstance.py:2613} INFO - Dependencies all met for dep_context=non-requeueable deps ti=<TaskInstance: sunnday_customer_etl_dag.query_postgres_task manual__2026-05-14T17:36:25.706178+00:00 [queued]>
[2026-05-14T17:36:27.547+0000] {taskinstance.py:2613} INFO - Dependencies all met for dep_context=requeueable deps ti=<TaskInstance: sunnday_customer_etl_dag.query_postgres_task manual__2026-05-14T17:36:25.706178+00:00 [queued]>
[2026-05-14T17:36:27.547+0000] {taskinstance.py:2866} INFO - Starting attempt 1 of 2
[2026-05-14T17:36:27.553+0000] {taskinstance.py:2889} INFO - Executing <Task(PythonOperator): query_postgres_task> on 2026-05-14 17:36:25.706178+00:00
[2026-05-14T17:36:27.561+0000] {logging_mixin.py:190} WARNING - /home/***/.local/lib/python3.12/site-packages/***/task/task_runner/standard_task_runner.py:70 DeprecationWarning: This process (pid=431) is multi-threaded, use of fork() may lead to deadlocks in the child.
[2026-05-14T17:36:27.559+0000] {standard_task_runner.py:104} INFO - Running: ['***', 'tasks', 'run', 'sunnday_customer_etl_dag', 'query_postgres_task', 'manual__2026-05-14T17:36:25.706178+00:00', '--job-id', '3', '--raw', '--subdir', 'DAGS_FOLDER/sunnday_customer_etl_dag.py', '--cfg-path', '/tmp/tmp2pt2vrae']
[2026-05-14T17:36:27.561+0000] {standard_task_runner.py:105} INFO - Job 3: Subtask query_postgres_task
[2026-05-14T17:36:27.561+0000] {standard_task_runner.py:72} INFO - Started process 432 to run task
[2026-05-14T17:36:27.587+0000] {task_command.py:467} INFO - Running <TaskInstance: sunnday_customer_etl_dag.query_postgres_task manual__2026-05-14T17:36:25.706178+00:00 [running]> on host e4b413dc0547
[2026-05-14T17:36:27.639+0000] {taskinstance.py:3132} INFO - Exporting env vars: AIRFLOW_CTX_DAG_OWNER='***' AIRFLOW_CTX_DAG_ID='sunnday_customer_etl_dag' AIRFLOW_CTX_TASK_ID='query_postgres_task' AIRFLOW_CTX_EXECUTION_DATE='2026-05-14T17:36:25.706178+00:00' AIRFLOW_CTX_TRY_NUMBER='1' AIRFLOW_CTX_DAG_RUN_ID='manual__2026-05-14T17:36:25.706178+00:00'
[2026-05-14T17:36:27.641+0000] {taskinstance.py:731} INFO - ::endgroup::
[2026-05-14T17:36:27.652+0000] {logging_mixin.py:190} INFO - An error occurred: The conn_id `postgres_localhost` isn't defined
[2026-05-14T17:36:27.653+0000] {taskinstance.py:3311} ERROR - Task failed with exception
Traceback (most recent call last):
  File "/home/airflow/.local/lib/python3.12/site-packages/airflow/models/taskinstance.py", line 767, in _execute_task
    result = _execute_callable(context=context, **execute_callable_kwargs)
             ^^^^^^^^^^^^^^^^^^^^^^^^^^^^^^^^^^^^^^^^^^^^^^^^^^^^^^^^^^^^^
  File "/home/airflow/.local/lib/python3.12/site-packages/airflow/models/taskinstance.py", line 733, in _execute_callable
    return ExecutionCallableRunner(
           ^^^^^^^^^^^^^^^^^^^^^^^^
  File "/home/airflow/.local/lib/python3.12/site-packages/airflow/utils/operator_helpers.py", line 252, in run
    return self.func(*args, **kwargs)
           ^^^^^^^^^^^^^^^^^^^^^^^^^^
  File "/home/airflow/.local/lib/python3.12/site-packages/airflow/models/baseoperator.py", line 422, in wrapper
    return func(self, *args, **kwargs)
           ^^^^^^^^^^^^^^^^^^^^^^^^^^^
  File "/home/airflow/.local/lib/python3.12/site-packages/airflow/operators/python.py", line 238, in execute
    return_value = self.execute_callable()
                   ^^^^^^^^^^^^^^^^^^^^^^^
  File "/home/airflow/.local/lib/python3.12/site-packages/airflow/operators/python.py", line 256, in execute_callable
    return runner.run(*self.op_args, **self.op_kwargs)
           ^^^^^^^^^^^^^^^^^^^^^^^^^^^^^^^^^^^^^^^^^^^
  File "/home/airflow/.local/lib/python3.12/site-packages/airflow/utils/operator_helpers.py", line 252, in run
    return self.func(*args, **kwargs)
           ^^^^^^^^^^^^^^^^^^^^^^^^^^
  File "/opt/airflow/dags/sunnday_customer_etl_dag.py", line 83, in csv_to_postgresql
    engine.dispose()
    ^^^^^^
UnboundLocalError: cannot access local variable 'engine' where it is not associated with a value
[2026-05-14T17:36:27.660+0000] {taskinstance.py:1225} INFO - Marking task as UP_FOR_RETRY. dag_id=sunnday_customer_etl_dag, task_id=query_postgres_task, run_id=manual__2026-05-14T17:36:25.706178+00:00, execution_date=20260514T173625, start_date=20260514T173627, end_date=20260514T173627
[2026-05-14T17:36:27.668+0000] {taskinstance.py:340} INFO - ::group::Post task execution logs
[2026-05-14T17:36:27.668+0000] {standard_task_runner.py:124} ERROR - Failed to execute job 3 for task query_postgres_task (cannot access local variable 'engine' where it is not associated with a value; 432)
Traceback (most recent call last):
  File "/home/airflow/.local/lib/python3.12/site-packages/airflow/task/task_runner/standard_task_runner.py", line 117, in _start_by_fork
    ret = args.func(args, dag=self.dag)
          ^^^^^^^^^^^^^^^^^^^^^^^^^^^^^
  File "/home/airflow/.local/lib/python3.12/site-packages/airflow/cli/cli_config.py", line 49, in command
    return func(*args, **kwargs)
           ^^^^^^^^^^^^^^^^^^^^^
  File "/home/airflow/.local/lib/python3.12/site-packages/airflow/utils/cli.py", line 116, in wrapper
    return f(*args, **kwargs)
           ^^^^^^^^^^^^^^^^^^
  File "/home/airflow/.local/lib/python3.12/site-packages/airflow/cli/commands/task_command.py", line 483, in task_run
    task_return_code = _run_task_by_selected_method(args, _dag, ti)
                       ^^^^^^^^^^^^^^^^^^^^^^^^^^^^^^^^^^^^^^^^^^^^
  File "/home/airflow/.local/lib/python3.12/site-packages/airflow/cli/commands/task_command.py", line 256, in _run_task_by_selected_method
    return _run_raw_task(args, ti)
           ^^^^^^^^^^^^^^^^^^^^^^^
  File "/home/airflow/.local/lib/python3.12/site-packages/airflow/cli/commands/task_command.py", line 341, in _run_raw_task
    return ti._run_raw_task(
           ^^^^^^^^^^^^^^^^^
  File "/home/airflow/.local/lib/python3.12/site-packages/airflow/utils/session.py", line 97, in wrapper
    return func(*args, session=session, **kwargs)
           ^^^^^^^^^^^^^^^^^^^^^^^^^^^^^^^^^^^^^^
  File "/home/airflow/.local/lib/python3.12/site-packages/airflow/models/taskinstance.py", line 3005, in _run_raw_task
    return _run_raw_task(
           ^^^^^^^^^^^^^^
  File "/home/airflow/.local/lib/python3.12/site-packages/airflow/models/taskinstance.py", line 273, in _run_raw_task
    TaskInstance._execute_task_with_callbacks(
  File "/home/airflow/.local/lib/python3.12/site-packages/airflow/models/taskinstance.py", line 3159, in _execute_task_with_callbacks
    result = self._execute_task(context, task_orig)
             ^^^^^^^^^^^^^^^^^^^^^^^^^^^^^^^^^^^^^^
  File "/home/airflow/.local/lib/python3.12/site-packages/airflow/models/taskinstance.py", line 3183, in _execute_task
    return _execute_task(self, context, task_orig)
           ^^^^^^^^^^^^^^^^^^^^^^^^^^^^^^^^^^^^^^^
  File "/home/airflow/.local/lib/python3.12/site-packages/airflow/models/taskinstance.py", line 767, in _execute_task
    result = _execute_callable(context=context, **execute_callable_kwargs)
             ^^^^^^^^^^^^^^^^^^^^^^^^^^^^^^^^^^^^^^^^^^^^^^^^^^^^^^^^^^^^^
  File "/home/airflow/.local/lib/python3.12/site-packages/airflow/models/taskinstance.py", line 733, in _execute_callable
    return ExecutionCallableRunner(
           ^^^^^^^^^^^^^^^^^^^^^^^^
  File "/home/airflow/.local/lib/python3.12/site-packages/airflow/utils/operator_helpers.py", line 252, in run
    return self.func(*args, **kwargs)
           ^^^^^^^^^^^^^^^^^^^^^^^^^^
  File "/home/airflow/.local/lib/python3.12/site-packages/airflow/models/baseoperator.py", line 422, in wrapper
    return func(self, *args, **kwargs)
           ^^^^^^^^^^^^^^^^^^^^^^^^^^^
  File "/home/airflow/.local/lib/python3.12/site-packages/airflow/operators/python.py", line 238, in execute
    return_value = self.execute_callable()
                   ^^^^^^^^^^^^^^^^^^^^^^^
  File "/home/airflow/.local/lib/python3.12/site-packages/airflow/operators/python.py", line 256, in execute_callable
    return runner.run(*self.op_args, **self.op_kwargs)
           ^^^^^^^^^^^^^^^^^^^^^^^^^^^^^^^^^^^^^^^^^^^
  File "/home/airflow/.local/lib/python3.12/site-packages/airflow/utils/operator_helpers.py", line 252, in run
    return self.func(*args, **kwargs)
           ^^^^^^^^^^^^^^^^^^^^^^^^^^
  File "/opt/airflow/dags/sunnday_customer_etl_dag.py", line 83, in csv_to_postgresql
    engine.dispose()
    ^^^^^^
UnboundLocalError: cannot access local variable 'engine' where it is not associated with a value
[2026-05-14T17:36:27.708+0000] {local_task_job_runner.py:266} INFO - Task exited with return code 1
[2026-05-14T17:36:27.721+0000] {taskinstance.py:3895} INFO - 0 downstream tasks scheduled from follow-on schedule check
[2026-05-14T17:36:27.722+0000] {local_task_job_runner.py:245} INFO - ::endgroup::
