[2026-05-14T17:37:13.794+0000] {local_task_job_runner.py:123} INFO - ::group::Pre task execution logs
[2026-05-14T17:37:13.805+0000] {taskinstance.py:2613} INFO - Dependencies all met for dep_context=non-requeueable deps ti=<TaskInstance: sunnday_customer_etl_dag.execute_report_sql_task manual__2026-05-14T17:36:25.706178+00:00 [queued]>
[2026-05-14T17:37:13.810+0000] {taskinstance.py:2613} INFO - Dependencies all met for dep_context=requeueable deps ti=<TaskInstance: sunnday_customer_etl_dag.execute_report_sql_task manual__2026-05-14T17:36:25.706178+00:00 [queued]>
[2026-05-14T17:37:13.810+0000] {taskinstance.py:2866} INFO - Starting attempt 1 of 2
[2026-05-14T17:37:13.817+0000] {taskinstance.py:2889} INFO - Executing <Task(SQLExecuteQueryOperator): execute_report_sql_task> on 2026-05-14 17:36:25.706178+00:00
[2026-05-14T17:37:13.822+0000] {standard_task_runner.py:104} INFO - Running: ['***', 'tasks', 'run', 'sunnday_customer_etl_dag', 'execute_report_sql_task', 'manual__2026-05-14T17:36:25.706178+00:00', '--job-id', '5', '--raw', '--subdir', 'DAGS_FOLDER/sunnday_customer_etl_dag.py', '--cfg-path', '/tmp/tmp3o_g6ds7']
[2026-05-14T17:37:13.824+0000] {standard_task_runner.py:105} INFO - Job 5: Subtask execute_report_sql_task
[2026-05-14T17:37:13.824+0000] {logging_mixin.py:190} WARNING - /home/***/.local/lib/python3.12/site-packages/***/task/task_runner/standard_task_runner.py:70 DeprecationWarning: This process (pid=454) is multi-threaded, use of fork() may lead to deadlocks in the child.
[2026-05-14T17:37:13.825+0000] {standard_task_runner.py:72} INFO - Started process 455 to run task
[2026-05-14T17:37:13.852+0000] {task_command.py:467} INFO - Running <TaskInstance: sunnday_customer_etl_dag.execute_report_sql_task manual__2026-05-14T17:36:25.706178+00:00 [running]> on host e4b413dc0547
[2026-05-14T17:37:13.900+0000] {taskinstance.py:3132} INFO - Exporting env vars: AIRFLOW_CTX_DAG_OWNER='***' AIRFLOW_CTX_DAG_ID='sunnday_customer_etl_dag' AIRFLOW_CTX_TASK_ID='execute_report_sql_task' AIRFLOW_CTX_EXECUTION_DATE='2026-05-14T17:36:25.706178+00:00' AIRFLOW_CTX_TRY_NUMBER='1' AIRFLOW_CTX_DAG_RUN_ID='manual__2026-05-14T17:36:25.706178+00:00'
[2026-05-14T17:37:13.901+0000] {taskinstance.py:731} INFO - ::endgroup::
[2026-05-14T17:37:13.903+0000] {sql.py:278} INFO - Executing: --1
with prep_data as (
    select c.name as company_name,
        p.description as policy_name,
        count(cus.customer_id) as customer_apply,
        dense_rank() over (partition by c.name order by count(cus.customer_id) desc) as policy_ranking
    from customers cus
        inner join company c on c.company_id = cus.company_id
        inner join plan p on p.plan_id = cus.plan_id
    group by c.name, p.description
    order by p.description
)
select company_name, policy_name, customer_apply
from prep_data
where policy_ranking = 1

--2
with prep_data as (
    select
        c.name,
        cus.customer_id,
        cus.first_name,
        cus.last_name,
        cus.plan_started_date,
        c.expiry_date,
        cus.preferred_hospital
    from
        customers cus
        join company c on c.company_id = c.company_id
        inner join plan p on p.plan_id = cus.plan_id
)
select
    p_data.preferred_hospital,
    count(p_data.customer_id) as count_customer
from
    prep_data p_data
where
    '2021-02-01' < p_data.expiry_date
group by
    p_data.preferred_hospital

--3
with prep_data as(
    select
        cu.customer_id,
        cu.first_name,
        cu.last_name,
        cu.plan_started_date,
        c.effective_date,
        c.expiry_date,
        CONCAT(cu.first_name, ' ', cu.last_name) AS full_name,
        ROUND(
            (c.expiry_date - cu.plan_started_date :: DATE) / 365.0,
            2
        ) AS years_with_us
    FROM
        customers cu
        JOIN company c ON c.company_id = cu.company_id
    ORDER BY
        years_with_us desc
)
SELECT
    p_data.full_name,
    SUM(years_with_us) AS total_amount
FROM
    prep_data p_data
group by
    p_data.full_name
order by
    total_amount ASC
[2026-05-14T17:37:13.908+0000] {base.py:84} INFO - Retrieving connection 'postgres_localhost'
[2026-05-14T17:37:13.919+0000] {base.py:84} INFO - Retrieving connection 'postgres_localhost'
[2026-05-14T17:37:13.925+0000] {sql.py:553} INFO - Running statement: --1
with prep_data as (
    select c.name as company_name,
        p.description as policy_name,
        count(cus.customer_id) as customer_apply,
        dense_rank() over (partition by c.name order by count(cus.customer_id) desc) as policy_ranking
    from customers cus
        inner join company c on c.company_id = cus.company_id
        inner join plan p on p.plan_id = cus.plan_id
    group by c.name, p.description
    order by p.description
)
select company_name, policy_name, customer_apply
from prep_data
where policy_ranking = 1

--2
with prep_data as (
    select
        c.name,
        cus.customer_id,
        cus.first_name,
        cus.last_name,
        cus.plan_started_date,
        c.expiry_date,
        cus.preferred_hospital
    from
        customers cus
        join company c on c.company_id = c.company_id
        inner join plan p on p.plan_id = cus.plan_id
)
select
    p_data.preferred_hospital,
    count(p_data.customer_id) as count_customer
from
    prep_data p_data
where
    '2021-02-01' < p_data.expiry_date
group by
    p_data.preferred_hospital

--3
with prep_data as(
    select
        cu.customer_id,
        cu.first_name,
        cu.last_name,
        cu.plan_started_date,
        c.effective_date,
        c.expiry_date,
        CONCAT(cu.first_name, ' ', cu.last_name) AS full_name,
        ROUND(
            (c.expiry_date - cu.plan_started_date :: DATE) / 365.0,
            2
        ) AS years_with_us
    FROM
        customers cu
        JOIN company c ON c.company_id = cu.company_id
    ORDER BY
        years_with_us desc
)
SELECT
    p_data.full_name,
    SUM(years_with_us) AS total_amount
FROM
    prep_data p_data
group by
    p_data.full_name
order by
    total_amount ASC, parameters: None
[2026-05-14T17:37:13.927+0000] {taskinstance.py:3311} ERROR - Task failed with exception
Traceback (most recent call last):
  File "/home/airflow/.local/lib/python3.12/site-packages/airflow/models/taskinstance.py", line 767, in _execute_task
    result = _execute_callable(context=context, **execute_callable_kwargs)
             ^^^^^^^^^^^^^^^^^^^^^^^^^^^^^^^^^^^^^^^^^^^^^^^^^^^^^^^^^^^^^
  File "/home/airflow/.local/lib/python3.12/site-packages/airflow/models/taskinstance.py", line 733, in _execute_callable
    return ExecutionCallableRunner(
           ^^^^^^^^^^^^^^^^^^^^^^^^
  File "/home/airflow/.local/lib/python3.12/site-packages/airflow/utils/operator_helpers.py", line 252, in run
    return self.func(*args, **kwargs)
           ^^^^^^^^^^^^^^^^^^^^^^^^^^
  File "/home/airflow/.local/lib/python3.12/site-packages/airflow/models/baseoperator.py", line 422, in wrapper
    return func(self, *args, **kwargs)
           ^^^^^^^^^^^^^^^^^^^^^^^^^^^
  File "/home/airflow/.local/lib/python3.12/site-packages/airflow/providers/common/sql/operators/sql.py", line 284, in execute
    output = hook.run(
             ^^^^^^^^^
  File "/home/airflow/.local/lib/python3.12/site-packages/airflow/providers/common/sql/hooks/sql.py", line 498, in run
    self._run_command(cur, sql_statement, parameters)
  File "/home/airflow/.local/lib/python3.12/site-packages/airflow/providers/common/sql/hooks/sql.py", line 558, in _run_command
    cur.execute(sql_statement)
psycopg2.errors.SyntaxError: syntax error at or near "with"
LINE 18: with prep_data as (
         ^

[2026-05-14T17:37:13.935+0000] {taskinstance.py:1225} INFO - Marking task as UP_FOR_RETRY. dag_id=sunnday_customer_etl_dag, task_id=execute_report_sql_task, run_id=manual__2026-05-14T17:36:25.706178+00:00, execution_date=20260514T173625, start_date=20260514T173713, end_date=20260514T173713
[2026-05-14T17:37:13.943+0000] {taskinstance.py:340} INFO - ::group::Post task execution logs
[2026-05-14T17:37:13.943+0000] {standard_task_runner.py:124} ERROR - Failed to execute job 5 for task execute_report_sql_task (syntax error at or near "with"
LINE 18: with prep_data as (
         ^
; 455)
Traceback (most recent call last):
  File "/home/airflow/.local/lib/python3.12/site-packages/airflow/task/task_runner/standard_task_runner.py", line 117, in _start_by_fork
    ret = args.func(args, dag=self.dag)
          ^^^^^^^^^^^^^^^^^^^^^^^^^^^^^
  File "/home/airflow/.local/lib/python3.12/site-packages/airflow/cli/cli_config.py", line 49, in command
    return func(*args, **kwargs)
           ^^^^^^^^^^^^^^^^^^^^^
  File "/home/airflow/.local/lib/python3.12/site-packages/airflow/utils/cli.py", line 116, in wrapper
    return f(*args, **kwargs)
           ^^^^^^^^^^^^^^^^^^
  File "/home/airflow/.local/lib/python3.12/site-packages/airflow/cli/commands/task_command.py", line 483, in task_run
    task_return_code = _run_task_by_selected_method(args, _dag, ti)
                       ^^^^^^^^^^^^^^^^^^^^^^^^^^^^^^^^^^^^^^^^^^^^
  File "/home/airflow/.local/lib/python3.12/site-packages/airflow/cli/commands/task_command.py", line 256, in _run_task_by_selected_method
    return _run_raw_task(args, ti)
           ^^^^^^^^^^^^^^^^^^^^^^^
  File "/home/airflow/.local/lib/python3.12/site-packages/airflow/cli/commands/task_command.py", line 341, in _run_raw_task
    return ti._run_raw_task(
           ^^^^^^^^^^^^^^^^^
  File "/home/airflow/.local/lib/python3.12/site-packages/airflow/utils/session.py", line 97, in wrapper
    return func(*args, session=session, **kwargs)
           ^^^^^^^^^^^^^^^^^^^^^^^^^^^^^^^^^^^^^^
  File "/home/airflow/.local/lib/python3.12/site-packages/airflow/models/taskinstance.py", line 3005, in _run_raw_task
    return _run_raw_task(
           ^^^^^^^^^^^^^^
  File "/home/airflow/.local/lib/python3.12/site-packages/airflow/models/taskinstance.py", line 273, in _run_raw_task
    TaskInstance._execute_task_with_callbacks(
  File "/home/airflow/.local/lib/python3.12/site-packages/airflow/models/taskinstance.py", line 3159, in _execute_task_with_callbacks
    result = self._execute_task(context, task_orig)
             ^^^^^^^^^^^^^^^^^^^^^^^^^^^^^^^^^^^^^^
  File "/home/airflow/.local/lib/python3.12/site-packages/airflow/models/taskinstance.py", line 3183, in _execute_task
    return _execute_task(self, context, task_orig)
           ^^^^^^^^^^^^^^^^^^^^^^^^^^^^^^^^^^^^^^^
  File "/home/airflow/.local/lib/python3.12/site-packages/airflow/models/taskinstance.py", line 767, in _execute_task
    result = _execute_callable(context=context, **execute_callable_kwargs)
             ^^^^^^^^^^^^^^^^^^^^^^^^^^^^^^^^^^^^^^^^^^^^^^^^^^^^^^^^^^^^^
  File "/home/airflow/.local/lib/python3.12/site-packages/airflow/models/taskinstance.py", line 733, in _execute_callable
    return ExecutionCallableRunner(
           ^^^^^^^^^^^^^^^^^^^^^^^^
  File "/home/airflow/.local/lib/python3.12/site-packages/airflow/utils/operator_helpers.py", line 252, in run
    return self.func(*args, **kwargs)
           ^^^^^^^^^^^^^^^^^^^^^^^^^^
  File "/home/airflow/.local/lib/python3.12/site-packages/airflow/models/baseoperator.py", line 422, in wrapper
    return func(self, *args, **kwargs)
           ^^^^^^^^^^^^^^^^^^^^^^^^^^^
  File "/home/airflow/.local/lib/python3.12/site-packages/airflow/providers/common/sql/operators/sql.py", line 284, in execute
    output = hook.run(
             ^^^^^^^^^
  File "/home/airflow/.local/lib/python3.12/site-packages/airflow/providers/common/sql/hooks/sql.py", line 498, in run
    self._run_command(cur, sql_statement, parameters)
  File "/home/airflow/.local/lib/python3.12/site-packages/airflow/providers/common/sql/hooks/sql.py", line 558, in _run_command
    cur.execute(sql_statement)
psycopg2.errors.SyntaxError: syntax error at or near "with"
LINE 18: with prep_data as (
         ^

[2026-05-14T17:37:13.970+0000] {local_task_job_runner.py:266} INFO - Task exited with return code 1
[2026-05-14T17:37:13.983+0000] {taskinstance.py:3895} INFO - 0 downstream tasks scheduled from follow-on schedule check
[2026-05-14T17:37:13.983+0000] {local_task_job_runner.py:245} INFO - ::endgroup::
