[2026-05-14T16:29:53.837+0000] {processor.py:186} INFO - Started process (PID=201) to work on /opt/airflow/dags/assignment_dag.py
[2026-05-14T16:29:53.838+0000] {processor.py:914} INFO - Processing file /opt/airflow/dags/assignment_dag.py for tasks to queue
[2026-05-14T16:29:53.841+0000] {logging_mixin.py:190} INFO - [2026-05-14T16:29:53.840+0000] {dagbag.py:588} INFO - Filling up the DagBag from /opt/airflow/dags/assignment_dag.py
[2026-05-14T16:29:57.373+0000] {processor.py:925} INFO - DAG(s) 'assignment_dag' retrieved from /opt/airflow/dags/assignment_dag.py
[2026-05-14T16:29:57.435+0000] {logging_mixin.py:190} INFO - [2026-05-14T16:29:57.433+0000] {dag.py:3239} INFO - Sync 1 DAGs
[2026-05-14T16:29:57.461+0000] {logging_mixin.py:190} INFO - [2026-05-14T16:29:57.460+0000] {dag.py:4180} INFO - Setting next_dagrun for assignment_dag to None, run_after=None
[2026-05-14T16:29:57.489+0000] {processor.py:208} INFO - Processing /opt/airflow/dags/assignment_dag.py took 3.660 seconds
[2026-05-14T16:30:27.799+0000] {processor.py:186} INFO - Started process (PID=212) to work on /opt/airflow/dags/assignment_dag.py
[2026-05-14T16:30:27.800+0000] {processor.py:914} INFO - Processing file /opt/airflow/dags/assignment_dag.py for tasks to queue
[2026-05-14T16:30:27.804+0000] {logging_mixin.py:190} INFO - [2026-05-14T16:30:27.803+0000] {dagbag.py:588} INFO - Filling up the DagBag from /opt/airflow/dags/assignment_dag.py
[2026-05-14T16:30:28.460+0000] {processor.py:925} INFO - DAG(s) 'assignment_dag' retrieved from /opt/airflow/dags/assignment_dag.py
[2026-05-14T16:30:28.478+0000] {logging_mixin.py:190} INFO - [2026-05-14T16:30:28.477+0000] {dag.py:3239} INFO - Sync 1 DAGs
[2026-05-14T16:30:28.486+0000] {logging_mixin.py:190} INFO - [2026-05-14T16:30:28.486+0000] {dag.py:4180} INFO - Setting next_dagrun for assignment_dag to None, run_after=None
[2026-05-14T16:30:28.497+0000] {processor.py:208} INFO - Processing /opt/airflow/dags/assignment_dag.py took 0.706 seconds
[2026-05-14T16:30:58.601+0000] {processor.py:186} INFO - Started process (PID=223) to work on /opt/airflow/dags/assignment_dag.py
[2026-05-14T16:30:58.602+0000] {processor.py:914} INFO - Processing file /opt/airflow/dags/assignment_dag.py for tasks to queue
[2026-05-14T16:30:58.605+0000] {logging_mixin.py:190} INFO - [2026-05-14T16:30:58.604+0000] {dagbag.py:588} INFO - Filling up the DagBag from /opt/airflow/dags/assignment_dag.py
[2026-05-14T16:30:59.070+0000] {processor.py:925} INFO - DAG(s) 'assignment_dag' retrieved from /opt/airflow/dags/assignment_dag.py
[2026-05-14T16:30:59.083+0000] {logging_mixin.py:190} INFO - [2026-05-14T16:30:59.083+0000] {dag.py:3239} INFO - Sync 1 DAGs
[2026-05-14T16:30:59.091+0000] {logging_mixin.py:190} INFO - [2026-05-14T16:30:59.090+0000] {dag.py:4180} INFO - Setting next_dagrun for assignment_dag to None, run_after=None
[2026-05-14T16:30:59.100+0000] {processor.py:208} INFO - Processing /opt/airflow/dags/assignment_dag.py took 0.508 seconds
[2026-05-14T16:31:29.211+0000] {processor.py:186} INFO - Started process (PID=234) to work on /opt/airflow/dags/assignment_dag.py
[2026-05-14T16:31:29.212+0000] {processor.py:914} INFO - Processing file /opt/airflow/dags/assignment_dag.py for tasks to queue
[2026-05-14T16:31:29.214+0000] {logging_mixin.py:190} INFO - [2026-05-14T16:31:29.214+0000] {dagbag.py:588} INFO - Filling up the DagBag from /opt/airflow/dags/assignment_dag.py
[2026-05-14T16:31:29.585+0000] {processor.py:925} INFO - DAG(s) 'assignment_dag' retrieved from /opt/airflow/dags/assignment_dag.py
[2026-05-14T16:31:29.600+0000] {logging_mixin.py:190} INFO - [2026-05-14T16:31:29.599+0000] {dag.py:3239} INFO - Sync 1 DAGs
[2026-05-14T16:31:29.608+0000] {logging_mixin.py:190} INFO - [2026-05-14T16:31:29.608+0000] {dag.py:4180} INFO - Setting next_dagrun for assignment_dag to None, run_after=None
[2026-05-14T16:31:29.619+0000] {processor.py:208} INFO - Processing /opt/airflow/dags/assignment_dag.py took 0.416 seconds
[2026-05-14T16:31:47.527+0000] {processor.py:186} INFO - Started process (PID=245) to work on /opt/airflow/dags/assignment_dag.py
[2026-05-14T16:31:47.528+0000] {processor.py:914} INFO - Processing file /opt/airflow/dags/assignment_dag.py for tasks to queue
[2026-05-14T16:31:47.531+0000] {logging_mixin.py:190} INFO - [2026-05-14T16:31:47.531+0000] {dagbag.py:588} INFO - Filling up the DagBag from /opt/airflow/dags/assignment_dag.py
[2026-05-14T16:31:47.969+0000] {processor.py:925} INFO - DAG(s) 'assignment_dag' retrieved from /opt/airflow/dags/assignment_dag.py
[2026-05-14T16:31:47.983+0000] {logging_mixin.py:190} INFO - [2026-05-14T16:31:47.983+0000] {dag.py:3239} INFO - Sync 1 DAGs
[2026-05-14T16:31:47.991+0000] {logging_mixin.py:190} INFO - [2026-05-14T16:31:47.991+0000] {dag.py:4180} INFO - Setting next_dagrun for assignment_dag to None, run_after=None
[2026-05-14T16:31:48.002+0000] {processor.py:208} INFO - Processing /opt/airflow/dags/assignment_dag.py took 0.483 seconds
[2026-05-14T16:32:18.163+0000] {processor.py:186} INFO - Started process (PID=256) to work on /opt/airflow/dags/assignment_dag.py
[2026-05-14T16:32:18.165+0000] {processor.py:914} INFO - Processing file /opt/airflow/dags/assignment_dag.py for tasks to queue
[2026-05-14T16:32:18.168+0000] {logging_mixin.py:190} INFO - [2026-05-14T16:32:18.168+0000] {dagbag.py:588} INFO - Filling up the DagBag from /opt/airflow/dags/assignment_dag.py
[2026-05-14T16:32:18.632+0000] {processor.py:925} INFO - DAG(s) 'assignment_dag' retrieved from /opt/airflow/dags/assignment_dag.py
[2026-05-14T16:32:18.650+0000] {logging_mixin.py:190} INFO - [2026-05-14T16:32:18.650+0000] {dag.py:3239} INFO - Sync 1 DAGs
[2026-05-14T16:32:18.659+0000] {logging_mixin.py:190} INFO - [2026-05-14T16:32:18.659+0000] {dag.py:4180} INFO - Setting next_dagrun for assignment_dag to None, run_after=None
[2026-05-14T16:32:18.670+0000] {processor.py:208} INFO - Processing /opt/airflow/dags/assignment_dag.py took 0.515 seconds
[2026-05-14T16:32:48.972+0000] {processor.py:186} INFO - Started process (PID=267) to work on /opt/airflow/dags/assignment_dag.py
[2026-05-14T16:32:48.973+0000] {processor.py:914} INFO - Processing file /opt/airflow/dags/assignment_dag.py for tasks to queue
[2026-05-14T16:32:48.976+0000] {logging_mixin.py:190} INFO - [2026-05-14T16:32:48.975+0000] {dagbag.py:588} INFO - Filling up the DagBag from /opt/airflow/dags/assignment_dag.py
[2026-05-14T16:32:49.366+0000] {processor.py:925} INFO - DAG(s) 'assignment_dag' retrieved from /opt/airflow/dags/assignment_dag.py
[2026-05-14T16:32:49.384+0000] {logging_mixin.py:190} INFO - [2026-05-14T16:32:49.384+0000] {dag.py:3239} INFO - Sync 1 DAGs
[2026-05-14T16:32:49.392+0000] {logging_mixin.py:190} INFO - [2026-05-14T16:32:49.392+0000] {dag.py:4180} INFO - Setting next_dagrun for assignment_dag to None, run_after=None
[2026-05-14T16:32:49.402+0000] {processor.py:208} INFO - Processing /opt/airflow/dags/assignment_dag.py took 0.435 seconds
[2026-05-14T16:33:19.775+0000] {processor.py:186} INFO - Started process (PID=278) to work on /opt/airflow/dags/assignment_dag.py
[2026-05-14T16:33:19.776+0000] {processor.py:914} INFO - Processing file /opt/airflow/dags/assignment_dag.py for tasks to queue
[2026-05-14T16:33:19.784+0000] {logging_mixin.py:190} INFO - [2026-05-14T16:33:19.783+0000] {dagbag.py:588} INFO - Filling up the DagBag from /opt/airflow/dags/assignment_dag.py
[2026-05-14T16:33:20.376+0000] {processor.py:925} INFO - DAG(s) 'assignment_dag' retrieved from /opt/airflow/dags/assignment_dag.py
[2026-05-14T16:33:20.413+0000] {logging_mixin.py:190} INFO - [2026-05-14T16:33:20.413+0000] {dag.py:3239} INFO - Sync 1 DAGs
[2026-05-14T16:33:20.422+0000] {logging_mixin.py:190} INFO - [2026-05-14T16:33:20.422+0000] {dag.py:4180} INFO - Setting next_dagrun for assignment_dag to None, run_after=None
[2026-05-14T16:33:20.433+0000] {processor.py:208} INFO - Processing /opt/airflow/dags/assignment_dag.py took 0.668 seconds
[2026-05-14T16:33:50.525+0000] {processor.py:186} INFO - Started process (PID=289) to work on /opt/airflow/dags/assignment_dag.py
[2026-05-14T16:33:50.526+0000] {processor.py:914} INFO - Processing file /opt/airflow/dags/assignment_dag.py for tasks to queue
[2026-05-14T16:33:50.528+0000] {logging_mixin.py:190} INFO - [2026-05-14T16:33:50.528+0000] {dagbag.py:588} INFO - Filling up the DagBag from /opt/airflow/dags/assignment_dag.py
[2026-05-14T16:33:50.916+0000] {processor.py:925} INFO - DAG(s) 'assignment_dag' retrieved from /opt/airflow/dags/assignment_dag.py
[2026-05-14T16:33:50.933+0000] {logging_mixin.py:190} INFO - [2026-05-14T16:33:50.932+0000] {dag.py:3239} INFO - Sync 1 DAGs
[2026-05-14T16:33:50.942+0000] {logging_mixin.py:190} INFO - [2026-05-14T16:33:50.942+0000] {dag.py:4180} INFO - Setting next_dagrun for assignment_dag to None, run_after=None
[2026-05-14T16:33:50.953+0000] {processor.py:208} INFO - Processing /opt/airflow/dags/assignment_dag.py took 0.434 seconds
[2026-05-14T16:34:21.093+0000] {processor.py:186} INFO - Started process (PID=300) to work on /opt/airflow/dags/assignment_dag.py
[2026-05-14T16:34:21.095+0000] {processor.py:914} INFO - Processing file /opt/airflow/dags/assignment_dag.py for tasks to queue
[2026-05-14T16:34:21.099+0000] {logging_mixin.py:190} INFO - [2026-05-14T16:34:21.099+0000] {dagbag.py:588} INFO - Filling up the DagBag from /opt/airflow/dags/assignment_dag.py
[2026-05-14T16:34:21.641+0000] {processor.py:925} INFO - DAG(s) 'assignment_dag' retrieved from /opt/airflow/dags/assignment_dag.py
[2026-05-14T16:34:21.659+0000] {logging_mixin.py:190} INFO - [2026-05-14T16:34:21.659+0000] {dag.py:3239} INFO - Sync 1 DAGs
[2026-05-14T16:34:21.669+0000] {logging_mixin.py:190} INFO - [2026-05-14T16:34:21.669+0000] {dag.py:4180} INFO - Setting next_dagrun for assignment_dag to None, run_after=None
[2026-05-14T16:34:21.681+0000] {processor.py:208} INFO - Processing /opt/airflow/dags/assignment_dag.py took 0.598 seconds
[2026-05-14T16:34:51.994+0000] {processor.py:186} INFO - Started process (PID=311) to work on /opt/airflow/dags/assignment_dag.py
[2026-05-14T16:34:51.996+0000] {processor.py:914} INFO - Processing file /opt/airflow/dags/assignment_dag.py for tasks to queue
[2026-05-14T16:34:51.999+0000] {logging_mixin.py:190} INFO - [2026-05-14T16:34:51.999+0000] {dagbag.py:588} INFO - Filling up the DagBag from /opt/airflow/dags/assignment_dag.py
[2026-05-14T16:34:52.493+0000] {processor.py:925} INFO - DAG(s) 'assignment_dag' retrieved from /opt/airflow/dags/assignment_dag.py
[2026-05-14T16:34:52.509+0000] {logging_mixin.py:190} INFO - [2026-05-14T16:34:52.508+0000] {dag.py:3239} INFO - Sync 1 DAGs
[2026-05-14T16:34:52.517+0000] {logging_mixin.py:190} INFO - [2026-05-14T16:34:52.517+0000] {dag.py:4180} INFO - Setting next_dagrun for assignment_dag to None, run_after=None
[2026-05-14T16:34:52.528+0000] {processor.py:208} INFO - Processing /opt/airflow/dags/assignment_dag.py took 0.544 seconds
[2026-05-14T16:36:22.834+0000] {processor.py:186} INFO - Started process (PID=202) to work on /opt/airflow/dags/assignment_dag.py
[2026-05-14T16:36:22.836+0000] {processor.py:914} INFO - Processing file /opt/airflow/dags/assignment_dag.py for tasks to queue
[2026-05-14T16:36:22.838+0000] {logging_mixin.py:190} INFO - [2026-05-14T16:36:22.838+0000] {dagbag.py:588} INFO - Filling up the DagBag from /opt/airflow/dags/assignment_dag.py
[2026-05-14T16:36:25.711+0000] {processor.py:925} INFO - DAG(s) 'assignment_dag' retrieved from /opt/airflow/dags/assignment_dag.py
[2026-05-14T16:36:25.965+0000] {logging_mixin.py:190} INFO - [2026-05-14T16:36:25.964+0000] {override.py:1911} INFO - Created Permission View: can read on DAG:assignment_dag
[2026-05-14T16:36:25.979+0000] {logging_mixin.py:190} INFO - [2026-05-14T16:36:25.979+0000] {override.py:1911} INFO - Created Permission View: can delete on DAG:assignment_dag
[2026-05-14T16:36:25.990+0000] {logging_mixin.py:190} INFO - [2026-05-14T16:36:25.989+0000] {override.py:1911} INFO - Created Permission View: can edit on DAG:assignment_dag
[2026-05-14T16:36:25.998+0000] {logging_mixin.py:190} INFO - [2026-05-14T16:36:25.998+0000] {override.py:1911} INFO - Created Permission View: menu access on DAG Run:assignment_dag
[2026-05-14T16:36:26.006+0000] {logging_mixin.py:190} INFO - [2026-05-14T16:36:26.005+0000] {override.py:1911} INFO - Created Permission View: can read on DAG Run:assignment_dag
[2026-05-14T16:36:26.012+0000] {logging_mixin.py:190} INFO - [2026-05-14T16:36:26.012+0000] {override.py:1911} INFO - Created Permission View: can delete on DAG Run:assignment_dag
[2026-05-14T16:36:26.020+0000] {logging_mixin.py:190} INFO - [2026-05-14T16:36:26.020+0000] {override.py:1911} INFO - Created Permission View: can create on DAG Run:assignment_dag
[2026-05-14T16:36:26.021+0000] {logging_mixin.py:190} INFO - [2026-05-14T16:36:26.021+0000] {dag.py:3239} INFO - Sync 1 DAGs
[2026-05-14T16:36:26.038+0000] {logging_mixin.py:190} INFO - [2026-05-14T16:36:26.037+0000] {dag.py:3262} INFO - Creating ORM DAG for assignment_dag
[2026-05-14T16:36:26.039+0000] {logging_mixin.py:190} INFO - [2026-05-14T16:36:26.039+0000] {dag.py:4180} INFO - Setting next_dagrun for assignment_dag to None, run_after=None
[2026-05-14T16:36:26.060+0000] {processor.py:208} INFO - Processing /opt/airflow/dags/assignment_dag.py took 3.237 seconds
[2026-05-14T16:36:56.298+0000] {processor.py:186} INFO - Started process (PID=213) to work on /opt/airflow/dags/assignment_dag.py
[2026-05-14T16:36:56.299+0000] {processor.py:914} INFO - Processing file /opt/airflow/dags/assignment_dag.py for tasks to queue
[2026-05-14T16:36:56.301+0000] {logging_mixin.py:190} INFO - [2026-05-14T16:36:56.301+0000] {dagbag.py:588} INFO - Filling up the DagBag from /opt/airflow/dags/assignment_dag.py
[2026-05-14T16:36:56.729+0000] {processor.py:925} INFO - DAG(s) 'assignment_dag' retrieved from /opt/airflow/dags/assignment_dag.py
[2026-05-14T16:36:56.748+0000] {logging_mixin.py:190} INFO - [2026-05-14T16:36:56.747+0000] {dag.py:3239} INFO - Sync 1 DAGs
[2026-05-14T16:36:56.758+0000] {logging_mixin.py:190} INFO - [2026-05-14T16:36:56.758+0000] {dag.py:4180} INFO - Setting next_dagrun for assignment_dag to None, run_after=None
[2026-05-14T16:36:56.771+0000] {processor.py:208} INFO - Processing /opt/airflow/dags/assignment_dag.py took 0.484 seconds
[2026-05-14T16:37:27.077+0000] {processor.py:186} INFO - Started process (PID=224) to work on /opt/airflow/dags/assignment_dag.py
[2026-05-14T16:37:27.078+0000] {processor.py:914} INFO - Processing file /opt/airflow/dags/assignment_dag.py for tasks to queue
[2026-05-14T16:37:27.081+0000] {logging_mixin.py:190} INFO - [2026-05-14T16:37:27.080+0000] {dagbag.py:588} INFO - Filling up the DagBag from /opt/airflow/dags/assignment_dag.py
[2026-05-14T16:37:27.564+0000] {processor.py:925} INFO - DAG(s) 'assignment_dag' retrieved from /opt/airflow/dags/assignment_dag.py
[2026-05-14T16:37:27.581+0000] {logging_mixin.py:190} INFO - [2026-05-14T16:37:27.580+0000] {dag.py:3239} INFO - Sync 1 DAGs
[2026-05-14T16:37:27.588+0000] {logging_mixin.py:190} INFO - [2026-05-14T16:37:27.588+0000] {dag.py:4180} INFO - Setting next_dagrun for assignment_dag to None, run_after=None
[2026-05-14T16:37:27.598+0000] {processor.py:208} INFO - Processing /opt/airflow/dags/assignment_dag.py took 0.528 seconds
[2026-05-14T16:37:57.862+0000] {processor.py:186} INFO - Started process (PID=235) to work on /opt/airflow/dags/assignment_dag.py
[2026-05-14T16:37:57.864+0000] {processor.py:914} INFO - Processing file /opt/airflow/dags/assignment_dag.py for tasks to queue
[2026-05-14T16:37:57.873+0000] {logging_mixin.py:190} INFO - [2026-05-14T16:37:57.868+0000] {dagbag.py:588} INFO - Filling up the DagBag from /opt/airflow/dags/assignment_dag.py
[2026-05-14T16:37:58.456+0000] {processor.py:925} INFO - DAG(s) 'assignment_dag' retrieved from /opt/airflow/dags/assignment_dag.py
[2026-05-14T16:37:58.496+0000] {logging_mixin.py:190} INFO - [2026-05-14T16:37:58.494+0000] {dag.py:3239} INFO - Sync 1 DAGs
[2026-05-14T16:37:58.516+0000] {logging_mixin.py:190} INFO - [2026-05-14T16:37:58.516+0000] {dag.py:4180} INFO - Setting next_dagrun for assignment_dag to None, run_after=None
[2026-05-14T16:37:58.532+0000] {processor.py:208} INFO - Processing /opt/airflow/dags/assignment_dag.py took 0.681 seconds
[2026-05-14T16:38:28.918+0000] {processor.py:186} INFO - Started process (PID=246) to work on /opt/airflow/dags/assignment_dag.py
[2026-05-14T16:38:28.920+0000] {processor.py:914} INFO - Processing file /opt/airflow/dags/assignment_dag.py for tasks to queue
[2026-05-14T16:38:28.922+0000] {logging_mixin.py:190} INFO - [2026-05-14T16:38:28.922+0000] {dagbag.py:588} INFO - Filling up the DagBag from /opt/airflow/dags/assignment_dag.py
[2026-05-14T16:38:29.347+0000] {processor.py:925} INFO - DAG(s) 'assignment_dag' retrieved from /opt/airflow/dags/assignment_dag.py
[2026-05-14T16:38:29.363+0000] {logging_mixin.py:190} INFO - [2026-05-14T16:38:29.362+0000] {dag.py:3239} INFO - Sync 1 DAGs
[2026-05-14T16:38:29.372+0000] {logging_mixin.py:190} INFO - [2026-05-14T16:38:29.372+0000] {dag.py:4180} INFO - Setting next_dagrun for assignment_dag to None, run_after=None
[2026-05-14T16:38:29.382+0000] {processor.py:208} INFO - Processing /opt/airflow/dags/assignment_dag.py took 0.473 seconds
[2026-05-14T16:38:59.688+0000] {processor.py:186} INFO - Started process (PID=257) to work on /opt/airflow/dags/assignment_dag.py
[2026-05-14T16:38:59.689+0000] {processor.py:914} INFO - Processing file /opt/airflow/dags/assignment_dag.py for tasks to queue
[2026-05-14T16:38:59.692+0000] {logging_mixin.py:190} INFO - [2026-05-14T16:38:59.692+0000] {dagbag.py:588} INFO - Filling up the DagBag from /opt/airflow/dags/assignment_dag.py
[2026-05-14T16:39:00.108+0000] {processor.py:925} INFO - DAG(s) 'assignment_dag' retrieved from /opt/airflow/dags/assignment_dag.py
[2026-05-14T16:39:00.123+0000] {logging_mixin.py:190} INFO - [2026-05-14T16:39:00.123+0000] {dag.py:3239} INFO - Sync 1 DAGs
[2026-05-14T16:39:00.131+0000] {logging_mixin.py:190} INFO - [2026-05-14T16:39:00.131+0000] {dag.py:4180} INFO - Setting next_dagrun for assignment_dag to None, run_after=None
[2026-05-14T16:39:00.140+0000] {processor.py:208} INFO - Processing /opt/airflow/dags/assignment_dag.py took 0.461 seconds
[2026-05-14T16:39:30.466+0000] {processor.py:186} INFO - Started process (PID=268) to work on /opt/airflow/dags/assignment_dag.py
[2026-05-14T16:39:30.467+0000] {processor.py:914} INFO - Processing file /opt/airflow/dags/assignment_dag.py for tasks to queue
[2026-05-14T16:39:30.470+0000] {logging_mixin.py:190} INFO - [2026-05-14T16:39:30.469+0000] {dagbag.py:588} INFO - Filling up the DagBag from /opt/airflow/dags/assignment_dag.py
[2026-05-14T16:39:30.985+0000] {processor.py:925} INFO - DAG(s) 'assignment_dag' retrieved from /opt/airflow/dags/assignment_dag.py
[2026-05-14T16:39:31.002+0000] {logging_mixin.py:190} INFO - [2026-05-14T16:39:31.002+0000] {dag.py:3239} INFO - Sync 1 DAGs
[2026-05-14T16:39:31.012+0000] {logging_mixin.py:190} INFO - [2026-05-14T16:39:31.012+0000] {dag.py:4180} INFO - Setting next_dagrun for assignment_dag to None, run_after=None
[2026-05-14T16:39:31.023+0000] {processor.py:208} INFO - Processing /opt/airflow/dags/assignment_dag.py took 0.577 seconds
[2026-05-14T16:40:01.298+0000] {processor.py:186} INFO - Started process (PID=279) to work on /opt/airflow/dags/assignment_dag.py
[2026-05-14T16:40:01.299+0000] {processor.py:914} INFO - Processing file /opt/airflow/dags/assignment_dag.py for tasks to queue
[2026-05-14T16:40:01.302+0000] {logging_mixin.py:190} INFO - [2026-05-14T16:40:01.302+0000] {dagbag.py:588} INFO - Filling up the DagBag from /opt/airflow/dags/assignment_dag.py
[2026-05-14T16:40:01.761+0000] {processor.py:925} INFO - DAG(s) 'assignment_dag' retrieved from /opt/airflow/dags/assignment_dag.py
[2026-05-14T16:40:01.777+0000] {logging_mixin.py:190} INFO - [2026-05-14T16:40:01.776+0000] {dag.py:3239} INFO - Sync 1 DAGs
[2026-05-14T16:40:01.784+0000] {logging_mixin.py:190} INFO - [2026-05-14T16:40:01.784+0000] {dag.py:4180} INFO - Setting next_dagrun for assignment_dag to None, run_after=None
[2026-05-14T16:40:01.793+0000] {processor.py:208} INFO - Processing /opt/airflow/dags/assignment_dag.py took 0.504 seconds
[2026-05-14T16:40:32.126+0000] {processor.py:186} INFO - Started process (PID=290) to work on /opt/airflow/dags/assignment_dag.py
[2026-05-14T16:40:32.127+0000] {processor.py:914} INFO - Processing file /opt/airflow/dags/assignment_dag.py for tasks to queue
[2026-05-14T16:40:32.130+0000] {logging_mixin.py:190} INFO - [2026-05-14T16:40:32.129+0000] {dagbag.py:588} INFO - Filling up the DagBag from /opt/airflow/dags/assignment_dag.py
[2026-05-14T16:40:32.518+0000] {processor.py:925} INFO - DAG(s) 'assignment_dag' retrieved from /opt/airflow/dags/assignment_dag.py
[2026-05-14T16:40:32.535+0000] {logging_mixin.py:190} INFO - [2026-05-14T16:40:32.535+0000] {dag.py:3239} INFO - Sync 1 DAGs
[2026-05-14T16:40:32.544+0000] {logging_mixin.py:190} INFO - [2026-05-14T16:40:32.544+0000] {dag.py:4180} INFO - Setting next_dagrun for assignment_dag to None, run_after=None
[2026-05-14T16:40:32.554+0000] {processor.py:208} INFO - Processing /opt/airflow/dags/assignment_dag.py took 0.435 seconds
[2026-05-14T16:41:02.867+0000] {processor.py:186} INFO - Started process (PID=300) to work on /opt/airflow/dags/assignment_dag.py
[2026-05-14T16:41:02.869+0000] {processor.py:914} INFO - Processing file /opt/airflow/dags/assignment_dag.py for tasks to queue
[2026-05-14T16:41:02.872+0000] {logging_mixin.py:190} INFO - [2026-05-14T16:41:02.872+0000] {dagbag.py:588} INFO - Filling up the DagBag from /opt/airflow/dags/assignment_dag.py
[2026-05-14T16:41:03.212+0000] {processor.py:925} INFO - DAG(s) 'assignment_dag' retrieved from /opt/airflow/dags/assignment_dag.py
[2026-05-14T16:41:03.225+0000] {logging_mixin.py:190} INFO - [2026-05-14T16:41:03.225+0000] {dag.py:3239} INFO - Sync 1 DAGs
[2026-05-14T16:41:03.233+0000] {logging_mixin.py:190} INFO - [2026-05-14T16:41:03.233+0000] {dag.py:4180} INFO - Setting next_dagrun for assignment_dag to None, run_after=None
[2026-05-14T16:41:03.242+0000] {processor.py:208} INFO - Processing /opt/airflow/dags/assignment_dag.py took 0.384 seconds
[2026-05-14T16:41:33.552+0000] {processor.py:186} INFO - Started process (PID=311) to work on /opt/airflow/dags/assignment_dag.py
[2026-05-14T16:41:33.553+0000] {processor.py:914} INFO - Processing file /opt/airflow/dags/assignment_dag.py for tasks to queue
[2026-05-14T16:41:33.556+0000] {logging_mixin.py:190} INFO - [2026-05-14T16:41:33.556+0000] {dagbag.py:588} INFO - Filling up the DagBag from /opt/airflow/dags/assignment_dag.py
[2026-05-14T16:41:34.082+0000] {processor.py:925} INFO - DAG(s) 'assignment_dag' retrieved from /opt/airflow/dags/assignment_dag.py
[2026-05-14T16:41:34.100+0000] {logging_mixin.py:190} INFO - [2026-05-14T16:41:34.100+0000] {dag.py:3239} INFO - Sync 1 DAGs
[2026-05-14T16:41:34.109+0000] {logging_mixin.py:190} INFO - [2026-05-14T16:41:34.109+0000] {dag.py:4180} INFO - Setting next_dagrun for assignment_dag to None, run_after=None
[2026-05-14T16:41:34.120+0000] {processor.py:208} INFO - Processing /opt/airflow/dags/assignment_dag.py took 0.575 seconds
[2026-05-14T16:42:04.460+0000] {processor.py:186} INFO - Started process (PID=322) to work on /opt/airflow/dags/assignment_dag.py
[2026-05-14T16:42:04.461+0000] {processor.py:914} INFO - Processing file /opt/airflow/dags/assignment_dag.py for tasks to queue
[2026-05-14T16:42:04.464+0000] {logging_mixin.py:190} INFO - [2026-05-14T16:42:04.464+0000] {dagbag.py:588} INFO - Filling up the DagBag from /opt/airflow/dags/assignment_dag.py
[2026-05-14T16:42:04.863+0000] {processor.py:925} INFO - DAG(s) 'assignment_dag' retrieved from /opt/airflow/dags/assignment_dag.py
[2026-05-14T16:42:04.877+0000] {logging_mixin.py:190} INFO - [2026-05-14T16:42:04.877+0000] {dag.py:3239} INFO - Sync 1 DAGs
[2026-05-14T16:42:04.885+0000] {logging_mixin.py:190} INFO - [2026-05-14T16:42:04.885+0000] {dag.py:4180} INFO - Setting next_dagrun for assignment_dag to None, run_after=None
[2026-05-14T16:42:04.894+0000] {processor.py:208} INFO - Processing /opt/airflow/dags/assignment_dag.py took 0.442 seconds
[2026-05-14T16:42:35.207+0000] {processor.py:186} INFO - Started process (PID=333) to work on /opt/airflow/dags/assignment_dag.py
[2026-05-14T16:42:35.208+0000] {processor.py:914} INFO - Processing file /opt/airflow/dags/assignment_dag.py for tasks to queue
[2026-05-14T16:42:35.212+0000] {logging_mixin.py:190} INFO - [2026-05-14T16:42:35.211+0000] {dagbag.py:588} INFO - Filling up the DagBag from /opt/airflow/dags/assignment_dag.py
[2026-05-14T16:42:35.731+0000] {processor.py:925} INFO - DAG(s) 'assignment_dag' retrieved from /opt/airflow/dags/assignment_dag.py
[2026-05-14T16:42:35.747+0000] {logging_mixin.py:190} INFO - [2026-05-14T16:42:35.747+0000] {dag.py:3239} INFO - Sync 1 DAGs
[2026-05-14T16:42:35.756+0000] {logging_mixin.py:190} INFO - [2026-05-14T16:42:35.756+0000] {dag.py:4180} INFO - Setting next_dagrun for assignment_dag to None, run_after=None
[2026-05-14T16:42:35.767+0000] {processor.py:208} INFO - Processing /opt/airflow/dags/assignment_dag.py took 0.568 seconds
[2026-05-14T16:43:06.118+0000] {processor.py:186} INFO - Started process (PID=344) to work on /opt/airflow/dags/assignment_dag.py
[2026-05-14T16:43:06.118+0000] {processor.py:914} INFO - Processing file /opt/airflow/dags/assignment_dag.py for tasks to queue
[2026-05-14T16:43:06.121+0000] {logging_mixin.py:190} INFO - [2026-05-14T16:43:06.121+0000] {dagbag.py:588} INFO - Filling up the DagBag from /opt/airflow/dags/assignment_dag.py
[2026-05-14T16:43:06.479+0000] {processor.py:925} INFO - DAG(s) 'assignment_dag' retrieved from /opt/airflow/dags/assignment_dag.py
[2026-05-14T16:43:06.494+0000] {logging_mixin.py:190} INFO - [2026-05-14T16:43:06.493+0000] {dag.py:3239} INFO - Sync 1 DAGs
[2026-05-14T16:43:06.503+0000] {logging_mixin.py:190} INFO - [2026-05-14T16:43:06.503+0000] {dag.py:4180} INFO - Setting next_dagrun for assignment_dag to None, run_after=None
[2026-05-14T16:43:06.513+0000] {processor.py:208} INFO - Processing /opt/airflow/dags/assignment_dag.py took 0.402 seconds
[2026-05-14T16:43:36.867+0000] {processor.py:186} INFO - Started process (PID=355) to work on /opt/airflow/dags/assignment_dag.py
[2026-05-14T16:43:36.868+0000] {processor.py:914} INFO - Processing file /opt/airflow/dags/assignment_dag.py for tasks to queue
[2026-05-14T16:43:36.873+0000] {logging_mixin.py:190} INFO - [2026-05-14T16:43:36.871+0000] {dagbag.py:588} INFO - Filling up the DagBag from /opt/airflow/dags/assignment_dag.py
[2026-05-14T16:43:37.379+0000] {processor.py:925} INFO - DAG(s) 'assignment_dag' retrieved from /opt/airflow/dags/assignment_dag.py
[2026-05-14T16:43:37.397+0000] {logging_mixin.py:190} INFO - [2026-05-14T16:43:37.396+0000] {dag.py:3239} INFO - Sync 1 DAGs
[2026-05-14T16:43:37.405+0000] {logging_mixin.py:190} INFO - [2026-05-14T16:43:37.405+0000] {dag.py:4180} INFO - Setting next_dagrun for assignment_dag to None, run_after=None
[2026-05-14T16:43:37.415+0000] {processor.py:208} INFO - Processing /opt/airflow/dags/assignment_dag.py took 0.553 seconds
[2026-05-14T16:52:55.113+0000] {processor.py:186} INFO - Started process (PID=202) to work on /opt/airflow/dags/assignment_dag.py
[2026-05-14T16:52:55.121+0000] {processor.py:914} INFO - Processing file /opt/airflow/dags/assignment_dag.py for tasks to queue
[2026-05-14T16:52:55.135+0000] {logging_mixin.py:190} INFO - [2026-05-14T16:52:55.134+0000] {dagbag.py:588} INFO - Filling up the DagBag from /opt/airflow/dags/assignment_dag.py
[2026-05-14T16:52:58.718+0000] {processor.py:925} INFO - DAG(s) 'assignment_dag' retrieved from /opt/airflow/dags/assignment_dag.py
[2026-05-14T16:52:59.037+0000] {logging_mixin.py:190} INFO - [2026-05-14T16:52:59.036+0000] {override.py:1911} INFO - Created Permission View: can edit on DAG:assignment_dag
[2026-05-14T16:52:59.099+0000] {logging_mixin.py:190} INFO - [2026-05-14T16:52:59.089+0000] {override.py:1911} INFO - Created Permission View: can delete on DAG:assignment_dag
[2026-05-14T16:52:59.138+0000] {logging_mixin.py:190} INFO - [2026-05-14T16:52:59.138+0000] {override.py:1911} INFO - Created Permission View: can read on DAG:assignment_dag
[2026-05-14T16:52:59.169+0000] {logging_mixin.py:190} INFO - [2026-05-14T16:52:59.169+0000] {override.py:1911} INFO - Created Permission View: can delete on DAG Run:assignment_dag
[2026-05-14T16:52:59.187+0000] {logging_mixin.py:190} INFO - [2026-05-14T16:52:59.186+0000] {override.py:1911} INFO - Created Permission View: can create on DAG Run:assignment_dag
[2026-05-14T16:52:59.203+0000] {logging_mixin.py:190} INFO - [2026-05-14T16:52:59.203+0000] {override.py:1911} INFO - Created Permission View: menu access on DAG Run:assignment_dag
[2026-05-14T16:52:59.233+0000] {logging_mixin.py:190} INFO - [2026-05-14T16:52:59.231+0000] {override.py:1911} INFO - Created Permission View: can read on DAG Run:assignment_dag
[2026-05-14T16:52:59.234+0000] {logging_mixin.py:190} INFO - [2026-05-14T16:52:59.234+0000] {dag.py:3239} INFO - Sync 1 DAGs
[2026-05-14T16:52:59.262+0000] {logging_mixin.py:190} INFO - [2026-05-14T16:52:59.260+0000] {dag.py:3262} INFO - Creating ORM DAG for assignment_dag
[2026-05-14T16:52:59.263+0000] {logging_mixin.py:190} INFO - [2026-05-14T16:52:59.263+0000] {dag.py:4180} INFO - Setting next_dagrun for assignment_dag to None, run_after=None
[2026-05-14T16:52:59.319+0000] {processor.py:208} INFO - Processing /opt/airflow/dags/assignment_dag.py took 4.218 seconds
[2026-05-14T16:53:29.933+0000] {processor.py:186} INFO - Started process (PID=213) to work on /opt/airflow/dags/assignment_dag.py
[2026-05-14T16:53:29.934+0000] {processor.py:914} INFO - Processing file /opt/airflow/dags/assignment_dag.py for tasks to queue
[2026-05-14T16:53:29.937+0000] {logging_mixin.py:190} INFO - [2026-05-14T16:53:29.936+0000] {dagbag.py:588} INFO - Filling up the DagBag from /opt/airflow/dags/assignment_dag.py
[2026-05-14T16:53:30.465+0000] {processor.py:925} INFO - DAG(s) 'assignment_dag' retrieved from /opt/airflow/dags/assignment_dag.py
[2026-05-14T16:53:30.480+0000] {logging_mixin.py:190} INFO - [2026-05-14T16:53:30.480+0000] {dag.py:3239} INFO - Sync 1 DAGs
[2026-05-14T16:53:30.489+0000] {logging_mixin.py:190} INFO - [2026-05-14T16:53:30.488+0000] {dag.py:4180} INFO - Setting next_dagrun for assignment_dag to None, run_after=None
[2026-05-14T16:53:30.500+0000] {processor.py:208} INFO - Processing /opt/airflow/dags/assignment_dag.py took 0.574 seconds
[2026-05-14T16:54:00.866+0000] {processor.py:186} INFO - Started process (PID=224) to work on /opt/airflow/dags/assignment_dag.py
[2026-05-14T16:54:00.867+0000] {processor.py:914} INFO - Processing file /opt/airflow/dags/assignment_dag.py for tasks to queue
[2026-05-14T16:54:00.871+0000] {logging_mixin.py:190} INFO - [2026-05-14T16:54:00.870+0000] {dagbag.py:588} INFO - Filling up the DagBag from /opt/airflow/dags/assignment_dag.py
[2026-05-14T16:54:01.467+0000] {processor.py:925} INFO - DAG(s) 'assignment_dag' retrieved from /opt/airflow/dags/assignment_dag.py
[2026-05-14T16:54:01.488+0000] {logging_mixin.py:190} INFO - [2026-05-14T16:54:01.488+0000] {dag.py:3239} INFO - Sync 1 DAGs
[2026-05-14T16:54:01.497+0000] {logging_mixin.py:190} INFO - [2026-05-14T16:54:01.497+0000] {dag.py:4180} INFO - Setting next_dagrun for assignment_dag to None, run_after=None
[2026-05-14T16:54:01.508+0000] {processor.py:208} INFO - Processing /opt/airflow/dags/assignment_dag.py took 0.653 seconds
[2026-05-14T16:54:31.875+0000] {processor.py:186} INFO - Started process (PID=235) to work on /opt/airflow/dags/assignment_dag.py
[2026-05-14T16:54:31.876+0000] {processor.py:914} INFO - Processing file /opt/airflow/dags/assignment_dag.py for tasks to queue
[2026-05-14T16:54:31.882+0000] {logging_mixin.py:190} INFO - [2026-05-14T16:54:31.881+0000] {dagbag.py:588} INFO - Filling up the DagBag from /opt/airflow/dags/assignment_dag.py
[2026-05-14T16:54:35.707+0000] {processor.py:925} INFO - DAG(s) 'assignment_dag' retrieved from /opt/airflow/dags/assignment_dag.py
[2026-05-14T16:54:35.828+0000] {logging_mixin.py:190} INFO - [2026-05-14T16:54:35.827+0000] {dag.py:3239} INFO - Sync 1 DAGs
[2026-05-14T16:54:35.873+0000] {logging_mixin.py:190} INFO - [2026-05-14T16:54:35.873+0000] {dag.py:4180} INFO - Setting next_dagrun for assignment_dag to None, run_after=None
[2026-05-14T16:54:35.930+0000] {processor.py:208} INFO - Processing /opt/airflow/dags/assignment_dag.py took 4.076 seconds
[2026-05-14T16:55:06.103+0000] {processor.py:186} INFO - Started process (PID=246) to work on /opt/airflow/dags/assignment_dag.py
[2026-05-14T16:55:06.104+0000] {processor.py:914} INFO - Processing file /opt/airflow/dags/assignment_dag.py for tasks to queue
[2026-05-14T16:55:06.107+0000] {logging_mixin.py:190} INFO - [2026-05-14T16:55:06.107+0000] {dagbag.py:588} INFO - Filling up the DagBag from /opt/airflow/dags/assignment_dag.py
[2026-05-14T16:55:06.586+0000] {processor.py:925} INFO - DAG(s) 'assignment_dag' retrieved from /opt/airflow/dags/assignment_dag.py
[2026-05-14T16:55:06.604+0000] {logging_mixin.py:190} INFO - [2026-05-14T16:55:06.603+0000] {dag.py:3239} INFO - Sync 1 DAGs
[2026-05-14T16:55:06.613+0000] {logging_mixin.py:190} INFO - [2026-05-14T16:55:06.612+0000] {dag.py:4180} INFO - Setting next_dagrun for assignment_dag to None, run_after=None
[2026-05-14T16:55:06.622+0000] {processor.py:208} INFO - Processing /opt/airflow/dags/assignment_dag.py took 0.532 seconds
[2026-05-14T16:55:36.910+0000] {processor.py:186} INFO - Started process (PID=257) to work on /opt/airflow/dags/assignment_dag.py
[2026-05-14T16:55:36.912+0000] {processor.py:914} INFO - Processing file /opt/airflow/dags/assignment_dag.py for tasks to queue
[2026-05-14T16:55:36.915+0000] {logging_mixin.py:190} INFO - [2026-05-14T16:55:36.915+0000] {dagbag.py:588} INFO - Filling up the DagBag from /opt/airflow/dags/assignment_dag.py
[2026-05-14T16:55:37.403+0000] {processor.py:925} INFO - DAG(s) 'assignment_dag' retrieved from /opt/airflow/dags/assignment_dag.py
[2026-05-14T16:55:37.418+0000] {logging_mixin.py:190} INFO - [2026-05-14T16:55:37.418+0000] {dag.py:3239} INFO - Sync 1 DAGs
[2026-05-14T16:55:37.426+0000] {logging_mixin.py:190} INFO - [2026-05-14T16:55:37.426+0000] {dag.py:4180} INFO - Setting next_dagrun for assignment_dag to None, run_after=None
[2026-05-14T16:55:37.438+0000] {processor.py:208} INFO - Processing /opt/airflow/dags/assignment_dag.py took 0.536 seconds
[2026-05-14T16:56:07.801+0000] {processor.py:186} INFO - Started process (PID=268) to work on /opt/airflow/dags/assignment_dag.py
[2026-05-14T16:56:07.802+0000] {processor.py:914} INFO - Processing file /opt/airflow/dags/assignment_dag.py for tasks to queue
[2026-05-14T16:56:07.805+0000] {logging_mixin.py:190} INFO - [2026-05-14T16:56:07.805+0000] {dagbag.py:588} INFO - Filling up the DagBag from /opt/airflow/dags/assignment_dag.py
[2026-05-14T16:56:08.177+0000] {processor.py:925} INFO - DAG(s) 'assignment_dag' retrieved from /opt/airflow/dags/assignment_dag.py
[2026-05-14T16:56:08.192+0000] {logging_mixin.py:190} INFO - [2026-05-14T16:56:08.192+0000] {dag.py:3239} INFO - Sync 1 DAGs
[2026-05-14T16:56:08.200+0000] {logging_mixin.py:190} INFO - [2026-05-14T16:56:08.200+0000] {dag.py:4180} INFO - Setting next_dagrun for assignment_dag to None, run_after=None
[2026-05-14T16:56:08.210+0000] {processor.py:208} INFO - Processing /opt/airflow/dags/assignment_dag.py took 0.417 seconds
[2026-05-14T16:56:38.480+0000] {processor.py:186} INFO - Started process (PID=279) to work on /opt/airflow/dags/assignment_dag.py
[2026-05-14T16:56:38.481+0000] {processor.py:914} INFO - Processing file /opt/airflow/dags/assignment_dag.py for tasks to queue
[2026-05-14T16:56:38.485+0000] {logging_mixin.py:190} INFO - [2026-05-14T16:56:38.485+0000] {dagbag.py:588} INFO - Filling up the DagBag from /opt/airflow/dags/assignment_dag.py
[2026-05-14T16:56:38.882+0000] {processor.py:925} INFO - DAG(s) 'assignment_dag' retrieved from /opt/airflow/dags/assignment_dag.py
[2026-05-14T16:56:38.896+0000] {logging_mixin.py:190} INFO - [2026-05-14T16:56:38.895+0000] {dag.py:3239} INFO - Sync 1 DAGs
[2026-05-14T16:56:38.904+0000] {logging_mixin.py:190} INFO - [2026-05-14T16:56:38.903+0000] {dag.py:4180} INFO - Setting next_dagrun for assignment_dag to None, run_after=None
[2026-05-14T16:56:38.913+0000] {processor.py:208} INFO - Processing /opt/airflow/dags/assignment_dag.py took 0.442 seconds
[2026-05-14T16:57:09.247+0000] {processor.py:186} INFO - Started process (PID=290) to work on /opt/airflow/dags/assignment_dag.py
[2026-05-14T16:57:09.248+0000] {processor.py:914} INFO - Processing file /opt/airflow/dags/assignment_dag.py for tasks to queue
[2026-05-14T16:57:09.250+0000] {logging_mixin.py:190} INFO - [2026-05-14T16:57:09.250+0000] {dagbag.py:588} INFO - Filling up the DagBag from /opt/airflow/dags/assignment_dag.py
[2026-05-14T16:57:09.602+0000] {processor.py:925} INFO - DAG(s) 'assignment_dag' retrieved from /opt/airflow/dags/assignment_dag.py
[2026-05-14T16:57:09.615+0000] {logging_mixin.py:190} INFO - [2026-05-14T16:57:09.615+0000] {dag.py:3239} INFO - Sync 1 DAGs
[2026-05-14T16:57:09.623+0000] {logging_mixin.py:190} INFO - [2026-05-14T16:57:09.623+0000] {dag.py:4180} INFO - Setting next_dagrun for assignment_dag to None, run_after=None
[2026-05-14T16:57:09.633+0000] {processor.py:208} INFO - Processing /opt/airflow/dags/assignment_dag.py took 0.392 seconds
[2026-05-14T16:57:39.999+0000] {processor.py:186} INFO - Started process (PID=301) to work on /opt/airflow/dags/assignment_dag.py
[2026-05-14T16:57:40.001+0000] {processor.py:914} INFO - Processing file /opt/airflow/dags/assignment_dag.py for tasks to queue
[2026-05-14T16:57:40.007+0000] {logging_mixin.py:190} INFO - [2026-05-14T16:57:40.006+0000] {dagbag.py:588} INFO - Filling up the DagBag from /opt/airflow/dags/assignment_dag.py
[2026-05-14T16:57:40.537+0000] {processor.py:925} INFO - DAG(s) 'assignment_dag' retrieved from /opt/airflow/dags/assignment_dag.py
[2026-05-14T16:57:40.554+0000] {logging_mixin.py:190} INFO - [2026-05-14T16:57:40.553+0000] {dag.py:3239} INFO - Sync 1 DAGs
[2026-05-14T16:57:40.563+0000] {logging_mixin.py:190} INFO - [2026-05-14T16:57:40.563+0000] {dag.py:4180} INFO - Setting next_dagrun for assignment_dag to None, run_after=None
[2026-05-14T16:57:40.573+0000] {processor.py:208} INFO - Processing /opt/airflow/dags/assignment_dag.py took 0.584 seconds
[2026-05-14T16:58:10.960+0000] {processor.py:186} INFO - Started process (PID=312) to work on /opt/airflow/dags/assignment_dag.py
[2026-05-14T16:58:10.962+0000] {processor.py:914} INFO - Processing file /opt/airflow/dags/assignment_dag.py for tasks to queue
[2026-05-14T16:58:10.966+0000] {logging_mixin.py:190} INFO - [2026-05-14T16:58:10.966+0000] {dagbag.py:588} INFO - Filling up the DagBag from /opt/airflow/dags/assignment_dag.py
[2026-05-14T16:58:11.524+0000] {processor.py:925} INFO - DAG(s) 'assignment_dag' retrieved from /opt/airflow/dags/assignment_dag.py
[2026-05-14T16:58:11.547+0000] {logging_mixin.py:190} INFO - [2026-05-14T16:58:11.547+0000] {dag.py:3239} INFO - Sync 1 DAGs
[2026-05-14T16:58:11.556+0000] {logging_mixin.py:190} INFO - [2026-05-14T16:58:11.556+0000] {dag.py:4180} INFO - Setting next_dagrun for assignment_dag to None, run_after=None
[2026-05-14T16:58:11.568+0000] {processor.py:208} INFO - Processing /opt/airflow/dags/assignment_dag.py took 0.621 seconds
[2026-05-14T16:58:41.931+0000] {processor.py:186} INFO - Started process (PID=323) to work on /opt/airflow/dags/assignment_dag.py
[2026-05-14T16:58:41.933+0000] {processor.py:914} INFO - Processing file /opt/airflow/dags/assignment_dag.py for tasks to queue
[2026-05-14T16:58:41.938+0000] {logging_mixin.py:190} INFO - [2026-05-14T16:58:41.937+0000] {dagbag.py:588} INFO - Filling up the DagBag from /opt/airflow/dags/assignment_dag.py
[2026-05-14T16:58:42.433+0000] {processor.py:925} INFO - DAG(s) 'assignment_dag' retrieved from /opt/airflow/dags/assignment_dag.py
[2026-05-14T16:58:42.454+0000] {logging_mixin.py:190} INFO - [2026-05-14T16:58:42.453+0000] {dag.py:3239} INFO - Sync 1 DAGs
[2026-05-14T16:58:42.462+0000] {logging_mixin.py:190} INFO - [2026-05-14T16:58:42.462+0000] {dag.py:4180} INFO - Setting next_dagrun for assignment_dag to None, run_after=None
[2026-05-14T16:58:42.473+0000] {processor.py:208} INFO - Processing /opt/airflow/dags/assignment_dag.py took 0.551 seconds
[2026-05-14T17:00:22.229+0000] {processor.py:186} INFO - Started process (PID=201) to work on /opt/airflow/dags/assignment_dag.py
[2026-05-14T17:00:22.232+0000] {processor.py:914} INFO - Processing file /opt/airflow/dags/assignment_dag.py for tasks to queue
[2026-05-14T17:00:22.242+0000] {logging_mixin.py:190} INFO - [2026-05-14T17:00:22.242+0000] {dagbag.py:588} INFO - Filling up the DagBag from /opt/airflow/dags/assignment_dag.py
[2026-05-14T17:00:25.220+0000] {processor.py:925} INFO - DAG(s) 'assignment_dag' retrieved from /opt/airflow/dags/assignment_dag.py
[2026-05-14T17:00:25.672+0000] {logging_mixin.py:190} INFO - [2026-05-14T17:00:25.671+0000] {override.py:1911} INFO - Created Permission View: can delete on DAG:assignment_dag
[2026-05-14T17:00:25.690+0000] {logging_mixin.py:190} INFO - [2026-05-14T17:00:25.689+0000] {override.py:1911} INFO - Created Permission View: can read on DAG:assignment_dag
[2026-05-14T17:00:25.702+0000] {logging_mixin.py:190} INFO - [2026-05-14T17:00:25.701+0000] {override.py:1911} INFO - Created Permission View: can edit on DAG:assignment_dag
[2026-05-14T17:00:25.714+0000] {logging_mixin.py:190} INFO - [2026-05-14T17:00:25.713+0000] {override.py:1911} INFO - Created Permission View: can create on DAG Run:assignment_dag
[2026-05-14T17:00:25.726+0000] {logging_mixin.py:190} INFO - [2026-05-14T17:00:25.725+0000] {override.py:1911} INFO - Created Permission View: menu access on DAG Run:assignment_dag
[2026-05-14T17:00:25.734+0000] {logging_mixin.py:190} INFO - [2026-05-14T17:00:25.734+0000] {override.py:1911} INFO - Created Permission View: can delete on DAG Run:assignment_dag
[2026-05-14T17:00:25.741+0000] {logging_mixin.py:190} INFO - [2026-05-14T17:00:25.740+0000] {override.py:1911} INFO - Created Permission View: can read on DAG Run:assignment_dag
[2026-05-14T17:00:25.741+0000] {logging_mixin.py:190} INFO - [2026-05-14T17:00:25.741+0000] {dag.py:3239} INFO - Sync 1 DAGs
[2026-05-14T17:00:25.763+0000] {logging_mixin.py:190} INFO - [2026-05-14T17:00:25.763+0000] {dag.py:3262} INFO - Creating ORM DAG for assignment_dag
[2026-05-14T17:00:25.765+0000] {logging_mixin.py:190} INFO - [2026-05-14T17:00:25.765+0000] {dag.py:4180} INFO - Setting next_dagrun for assignment_dag to None, run_after=None
[2026-05-14T17:00:25.780+0000] {processor.py:208} INFO - Processing /opt/airflow/dags/assignment_dag.py took 3.573 seconds
[2026-05-14T17:00:56.074+0000] {processor.py:186} INFO - Started process (PID=212) to work on /opt/airflow/dags/assignment_dag.py
[2026-05-14T17:00:56.076+0000] {processor.py:914} INFO - Processing file /opt/airflow/dags/assignment_dag.py for tasks to queue
[2026-05-14T17:00:56.078+0000] {logging_mixin.py:190} INFO - [2026-05-14T17:00:56.078+0000] {dagbag.py:588} INFO - Filling up the DagBag from /opt/airflow/dags/assignment_dag.py
[2026-05-14T17:00:56.532+0000] {processor.py:925} INFO - DAG(s) 'assignment_dag' retrieved from /opt/airflow/dags/assignment_dag.py
[2026-05-14T17:00:56.545+0000] {logging_mixin.py:190} INFO - [2026-05-14T17:00:56.545+0000] {dag.py:3239} INFO - Sync 1 DAGs
[2026-05-14T17:00:56.553+0000] {logging_mixin.py:190} INFO - [2026-05-14T17:00:56.552+0000] {dag.py:4180} INFO - Setting next_dagrun for assignment_dag to None, run_after=None
[2026-05-14T17:00:56.562+0000] {processor.py:208} INFO - Processing /opt/airflow/dags/assignment_dag.py took 0.494 seconds
[2026-05-14T17:01:26.874+0000] {processor.py:186} INFO - Started process (PID=223) to work on /opt/airflow/dags/assignment_dag.py
[2026-05-14T17:01:26.874+0000] {processor.py:914} INFO - Processing file /opt/airflow/dags/assignment_dag.py for tasks to queue
[2026-05-14T17:01:26.876+0000] {logging_mixin.py:190} INFO - [2026-05-14T17:01:26.876+0000] {dagbag.py:588} INFO - Filling up the DagBag from /opt/airflow/dags/assignment_dag.py
[2026-05-14T17:01:27.208+0000] {processor.py:925} INFO - DAG(s) 'assignment_dag' retrieved from /opt/airflow/dags/assignment_dag.py
[2026-05-14T17:01:27.224+0000] {logging_mixin.py:190} INFO - [2026-05-14T17:01:27.223+0000] {dag.py:3239} INFO - Sync 1 DAGs
[2026-05-14T17:01:27.232+0000] {logging_mixin.py:190} INFO - [2026-05-14T17:01:27.232+0000] {dag.py:4180} INFO - Setting next_dagrun for assignment_dag to None, run_after=None
[2026-05-14T17:01:27.243+0000] {processor.py:208} INFO - Processing /opt/airflow/dags/assignment_dag.py took 0.374 seconds
[2026-05-14T17:01:57.556+0000] {processor.py:186} INFO - Started process (PID=234) to work on /opt/airflow/dags/assignment_dag.py
[2026-05-14T17:01:57.557+0000] {processor.py:914} INFO - Processing file /opt/airflow/dags/assignment_dag.py for tasks to queue
[2026-05-14T17:01:57.560+0000] {logging_mixin.py:190} INFO - [2026-05-14T17:01:57.560+0000] {dagbag.py:588} INFO - Filling up the DagBag from /opt/airflow/dags/assignment_dag.py
[2026-05-14T17:01:58.161+0000] {processor.py:925} INFO - DAG(s) 'assignment_dag' retrieved from /opt/airflow/dags/assignment_dag.py
[2026-05-14T17:01:58.179+0000] {logging_mixin.py:190} INFO - [2026-05-14T17:01:58.178+0000] {dag.py:3239} INFO - Sync 1 DAGs
[2026-05-14T17:01:58.188+0000] {logging_mixin.py:190} INFO - [2026-05-14T17:01:58.187+0000] {dag.py:4180} INFO - Setting next_dagrun for assignment_dag to None, run_after=None
[2026-05-14T17:01:58.198+0000] {processor.py:208} INFO - Processing /opt/airflow/dags/assignment_dag.py took 0.648 seconds
[2026-05-14T17:02:25.491+0000] {processor.py:186} INFO - Started process (PID=244) to work on /opt/airflow/dags/assignment_dag.py
[2026-05-14T17:02:25.492+0000] {processor.py:914} INFO - Processing file /opt/airflow/dags/assignment_dag.py for tasks to queue
[2026-05-14T17:02:25.495+0000] {logging_mixin.py:190} INFO - [2026-05-14T17:02:25.494+0000] {dagbag.py:588} INFO - Filling up the DagBag from /opt/airflow/dags/assignment_dag.py
[2026-05-14T17:02:25.502+0000] {logging_mixin.py:190} INFO - [2026-05-14T17:02:25.500+0000] {dagbag.py:387} ERROR - Failed to import: /opt/airflow/dags/assignment_dag.py
Traceback (most recent call last):
  File "/home/airflow/.local/lib/python3.12/site-packages/airflow/models/dagbag.py", line 383, in parse
    loader.exec_module(new_module)
  File "<frozen importlib._bootstrap_external>", line 995, in exec_module
  File "<frozen importlib._bootstrap_external>", line 1133, in get_code
  File "<frozen importlib._bootstrap_external>", line 1063, in source_to_code
  File "<frozen importlib._bootstrap>", line 488, in _call_with_frames_removed
  File "/opt/airflow/dags/assignment_dag.py", line 87
    create_table_query = read_sql(CONFIG["sql_file_paths"]["create"
                                                          ^
SyntaxError: '[' was never closed
[2026-05-14T17:02:25.502+0000] {processor.py:927} WARNING - No viable dags retrieved from /opt/airflow/dags/assignment_dag.py
[2026-05-14T17:02:25.522+0000] {processor.py:208} INFO - Processing /opt/airflow/dags/assignment_dag.py took 0.039 seconds
[2026-05-14T17:02:28.535+0000] {processor.py:186} INFO - Started process (PID=249) to work on /opt/airflow/dags/assignment_dag.py
[2026-05-14T17:02:28.536+0000] {processor.py:914} INFO - Processing file /opt/airflow/dags/assignment_dag.py for tasks to queue
[2026-05-14T17:02:28.537+0000] {logging_mixin.py:190} INFO - [2026-05-14T17:02:28.537+0000] {dagbag.py:588} INFO - Filling up the DagBag from /opt/airflow/dags/assignment_dag.py
[2026-05-14T17:02:29.059+0000] {processor.py:925} INFO - DAG(s) 'assignment_dag' retrieved from /opt/airflow/dags/assignment_dag.py
[2026-05-14T17:02:29.077+0000] {logging_mixin.py:190} INFO - [2026-05-14T17:02:29.076+0000] {dag.py:3239} INFO - Sync 1 DAGs
[2026-05-14T17:02:29.085+0000] {logging_mixin.py:190} INFO - [2026-05-14T17:02:29.085+0000] {dag.py:4180} INFO - Setting next_dagrun for assignment_dag to None, run_after=None
[2026-05-14T17:02:29.096+0000] {processor.py:208} INFO - Processing /opt/airflow/dags/assignment_dag.py took 0.567 seconds
[2026-05-14T17:02:40.682+0000] {processor.py:186} INFO - Started process (PID=260) to work on /opt/airflow/dags/assignment_dag.py
[2026-05-14T17:02:40.683+0000] {processor.py:914} INFO - Processing file /opt/airflow/dags/assignment_dag.py for tasks to queue
[2026-05-14T17:02:40.685+0000] {logging_mixin.py:190} INFO - [2026-05-14T17:02:40.684+0000] {dagbag.py:588} INFO - Filling up the DagBag from /opt/airflow/dags/assignment_dag.py
[2026-05-14T17:02:41.013+0000] {processor.py:925} INFO - DAG(s) 'assignment_dag' retrieved from /opt/airflow/dags/assignment_dag.py
[2026-05-14T17:02:41.028+0000] {logging_mixin.py:190} INFO - [2026-05-14T17:02:41.027+0000] {dag.py:3239} INFO - Sync 1 DAGs
[2026-05-14T17:02:41.035+0000] {logging_mixin.py:190} INFO - [2026-05-14T17:02:41.035+0000] {dag.py:4180} INFO - Setting next_dagrun for assignment_dag to None, run_after=None
[2026-05-14T17:02:41.045+0000] {processor.py:208} INFO - Processing /opt/airflow/dags/assignment_dag.py took 0.366 seconds
[2026-05-14T17:02:43.101+0000] {processor.py:186} INFO - Started process (PID=265) to work on /opt/airflow/dags/assignment_dag.py
[2026-05-14T17:02:43.101+0000] {processor.py:914} INFO - Processing file /opt/airflow/dags/assignment_dag.py for tasks to queue
[2026-05-14T17:02:43.103+0000] {logging_mixin.py:190} INFO - [2026-05-14T17:02:43.103+0000] {dagbag.py:588} INFO - Filling up the DagBag from /opt/airflow/dags/assignment_dag.py
[2026-05-14T17:02:43.421+0000] {processor.py:925} INFO - DAG(s) 'assignment_dag' retrieved from /opt/airflow/dags/assignment_dag.py
[2026-05-14T17:02:43.436+0000] {logging_mixin.py:190} INFO - [2026-05-14T17:02:43.435+0000] {dag.py:3239} INFO - Sync 1 DAGs
[2026-05-14T17:02:43.443+0000] {logging_mixin.py:190} INFO - [2026-05-14T17:02:43.443+0000] {dag.py:4180} INFO - Setting next_dagrun for assignment_dag to None, run_after=None
[2026-05-14T17:02:43.453+0000] {processor.py:208} INFO - Processing /opt/airflow/dags/assignment_dag.py took 0.358 seconds
[2026-05-14T17:02:44.506+0000] {processor.py:186} INFO - Started process (PID=270) to work on /opt/airflow/dags/assignment_dag.py
[2026-05-14T17:02:44.507+0000] {processor.py:914} INFO - Processing file /opt/airflow/dags/assignment_dag.py for tasks to queue
[2026-05-14T17:02:44.509+0000] {logging_mixin.py:190} INFO - [2026-05-14T17:02:44.509+0000] {dagbag.py:588} INFO - Filling up the DagBag from /opt/airflow/dags/assignment_dag.py
[2026-05-14T17:02:44.830+0000] {processor.py:925} INFO - DAG(s) 'assignment_dag' retrieved from /opt/airflow/dags/assignment_dag.py
[2026-05-14T17:02:44.845+0000] {logging_mixin.py:190} INFO - [2026-05-14T17:02:44.845+0000] {dag.py:3239} INFO - Sync 1 DAGs
[2026-05-14T17:02:44.853+0000] {logging_mixin.py:190} INFO - [2026-05-14T17:02:44.852+0000] {dag.py:4180} INFO - Setting next_dagrun for assignment_dag to None, run_after=None
[2026-05-14T17:02:44.863+0000] {processor.py:208} INFO - Processing /opt/airflow/dags/assignment_dag.py took 0.363 seconds
[2026-05-14T17:03:15.186+0000] {processor.py:186} INFO - Started process (PID=281) to work on /opt/airflow/dags/assignment_dag.py
[2026-05-14T17:03:15.188+0000] {processor.py:914} INFO - Processing file /opt/airflow/dags/assignment_dag.py for tasks to queue
[2026-05-14T17:03:15.191+0000] {logging_mixin.py:190} INFO - [2026-05-14T17:03:15.191+0000] {dagbag.py:588} INFO - Filling up the DagBag from /opt/airflow/dags/assignment_dag.py
[2026-05-14T17:03:15.717+0000] {processor.py:925} INFO - DAG(s) 'assignment_dag' retrieved from /opt/airflow/dags/assignment_dag.py
[2026-05-14T17:03:15.735+0000] {logging_mixin.py:190} INFO - [2026-05-14T17:03:15.734+0000] {dag.py:3239} INFO - Sync 1 DAGs
[2026-05-14T17:03:15.743+0000] {logging_mixin.py:190} INFO - [2026-05-14T17:03:15.743+0000] {dag.py:4180} INFO - Setting next_dagrun for assignment_dag to None, run_after=None
[2026-05-14T17:03:15.754+0000] {processor.py:208} INFO - Processing /opt/airflow/dags/assignment_dag.py took 0.577 seconds
[2026-05-14T17:03:46.119+0000] {processor.py:186} INFO - Started process (PID=295) to work on /opt/airflow/dags/assignment_dag.py
[2026-05-14T17:03:46.121+0000] {processor.py:914} INFO - Processing file /opt/airflow/dags/assignment_dag.py for tasks to queue
[2026-05-14T17:03:46.126+0000] {logging_mixin.py:190} INFO - [2026-05-14T17:03:46.124+0000] {dagbag.py:588} INFO - Filling up the DagBag from /opt/airflow/dags/assignment_dag.py
[2026-05-14T17:03:46.723+0000] {processor.py:925} INFO - DAG(s) 'assignment_dag' retrieved from /opt/airflow/dags/assignment_dag.py
[2026-05-14T17:03:46.752+0000] {logging_mixin.py:190} INFO - [2026-05-14T17:03:46.752+0000] {dag.py:3239} INFO - Sync 1 DAGs
[2026-05-14T17:03:46.763+0000] {logging_mixin.py:190} INFO - [2026-05-14T17:03:46.763+0000] {dag.py:4180} INFO - Setting next_dagrun for assignment_dag to None, run_after=None
[2026-05-14T17:03:46.792+0000] {processor.py:208} INFO - Processing /opt/airflow/dags/assignment_dag.py took 0.687 seconds
[2026-05-14T17:04:17.062+0000] {processor.py:186} INFO - Started process (PID=306) to work on /opt/airflow/dags/assignment_dag.py
[2026-05-14T17:04:17.063+0000] {processor.py:914} INFO - Processing file /opt/airflow/dags/assignment_dag.py for tasks to queue
[2026-05-14T17:04:17.066+0000] {logging_mixin.py:190} INFO - [2026-05-14T17:04:17.066+0000] {dagbag.py:588} INFO - Filling up the DagBag from /opt/airflow/dags/assignment_dag.py
[2026-05-14T17:04:17.426+0000] {processor.py:925} INFO - DAG(s) 'assignment_dag' retrieved from /opt/airflow/dags/assignment_dag.py
[2026-05-14T17:04:17.441+0000] {logging_mixin.py:190} INFO - [2026-05-14T17:04:17.440+0000] {dag.py:3239} INFO - Sync 1 DAGs
[2026-05-14T17:04:17.448+0000] {logging_mixin.py:190} INFO - [2026-05-14T17:04:17.448+0000] {dag.py:4180} INFO - Setting next_dagrun for assignment_dag to None, run_after=None
[2026-05-14T17:04:17.460+0000] {processor.py:208} INFO - Processing /opt/airflow/dags/assignment_dag.py took 0.405 seconds
[2026-05-14T17:04:47.817+0000] {processor.py:186} INFO - Started process (PID=317) to work on /opt/airflow/dags/assignment_dag.py
[2026-05-14T17:04:47.818+0000] {processor.py:914} INFO - Processing file /opt/airflow/dags/assignment_dag.py for tasks to queue
[2026-05-14T17:04:47.824+0000] {logging_mixin.py:190} INFO - [2026-05-14T17:04:47.824+0000] {dagbag.py:588} INFO - Filling up the DagBag from /opt/airflow/dags/assignment_dag.py
[2026-05-14T17:04:48.449+0000] {processor.py:925} INFO - DAG(s) 'assignment_dag' retrieved from /opt/airflow/dags/assignment_dag.py
[2026-05-14T17:04:48.471+0000] {logging_mixin.py:190} INFO - [2026-05-14T17:04:48.471+0000] {dag.py:3239} INFO - Sync 1 DAGs
[2026-05-14T17:04:48.482+0000] {logging_mixin.py:190} INFO - [2026-05-14T17:04:48.481+0000] {dag.py:4180} INFO - Setting next_dagrun for assignment_dag to None, run_after=None
[2026-05-14T17:04:48.493+0000] {processor.py:208} INFO - Processing /opt/airflow/dags/assignment_dag.py took 0.685 seconds
[2026-05-14T17:05:18.632+0000] {processor.py:186} INFO - Started process (PID=328) to work on /opt/airflow/dags/assignment_dag.py
[2026-05-14T17:05:18.634+0000] {processor.py:914} INFO - Processing file /opt/airflow/dags/assignment_dag.py for tasks to queue
[2026-05-14T17:05:18.638+0000] {logging_mixin.py:190} INFO - [2026-05-14T17:05:18.637+0000] {dagbag.py:588} INFO - Filling up the DagBag from /opt/airflow/dags/assignment_dag.py
[2026-05-14T17:05:19.181+0000] {processor.py:925} INFO - DAG(s) 'assignment_dag' retrieved from /opt/airflow/dags/assignment_dag.py
[2026-05-14T17:05:19.198+0000] {logging_mixin.py:190} INFO - [2026-05-14T17:05:19.197+0000] {dag.py:3239} INFO - Sync 1 DAGs
[2026-05-14T17:05:19.207+0000] {logging_mixin.py:190} INFO - [2026-05-14T17:05:19.207+0000] {dag.py:4180} INFO - Setting next_dagrun for assignment_dag to None, run_after=None
[2026-05-14T17:05:19.217+0000] {processor.py:208} INFO - Processing /opt/airflow/dags/assignment_dag.py took 0.594 seconds
[2026-05-14T17:05:49.518+0000] {processor.py:186} INFO - Started process (PID=339) to work on /opt/airflow/dags/assignment_dag.py
[2026-05-14T17:05:49.519+0000] {processor.py:914} INFO - Processing file /opt/airflow/dags/assignment_dag.py for tasks to queue
[2026-05-14T17:05:49.521+0000] {logging_mixin.py:190} INFO - [2026-05-14T17:05:49.521+0000] {dagbag.py:588} INFO - Filling up the DagBag from /opt/airflow/dags/assignment_dag.py
[2026-05-14T17:05:49.887+0000] {processor.py:925} INFO - DAG(s) 'assignment_dag' retrieved from /opt/airflow/dags/assignment_dag.py
[2026-05-14T17:05:49.900+0000] {logging_mixin.py:190} INFO - [2026-05-14T17:05:49.900+0000] {dag.py:3239} INFO - Sync 1 DAGs
[2026-05-14T17:05:49.908+0000] {logging_mixin.py:190} INFO - [2026-05-14T17:05:49.908+0000] {dag.py:4180} INFO - Setting next_dagrun for assignment_dag to None, run_after=None
[2026-05-14T17:05:49.917+0000] {processor.py:208} INFO - Processing /opt/airflow/dags/assignment_dag.py took 0.404 seconds
[2026-05-14T17:06:20.173+0000] {processor.py:186} INFO - Started process (PID=350) to work on /opt/airflow/dags/assignment_dag.py
[2026-05-14T17:06:20.182+0000] {processor.py:914} INFO - Processing file /opt/airflow/dags/assignment_dag.py for tasks to queue
[2026-05-14T17:06:20.194+0000] {logging_mixin.py:190} INFO - [2026-05-14T17:06:20.192+0000] {dagbag.py:588} INFO - Filling up the DagBag from /opt/airflow/dags/assignment_dag.py
[2026-05-14T17:06:23.109+0000] {processor.py:925} INFO - DAG(s) 'assignment_dag' retrieved from /opt/airflow/dags/assignment_dag.py
[2026-05-14T17:06:23.158+0000] {logging_mixin.py:190} INFO - [2026-05-14T17:06:23.157+0000] {dag.py:3239} INFO - Sync 1 DAGs
[2026-05-14T17:06:23.175+0000] {logging_mixin.py:190} INFO - [2026-05-14T17:06:23.175+0000] {dag.py:4180} INFO - Setting next_dagrun for assignment_dag to None, run_after=None
[2026-05-14T17:06:23.193+0000] {processor.py:208} INFO - Processing /opt/airflow/dags/assignment_dag.py took 3.055 seconds
[2026-05-14T17:06:53.837+0000] {processor.py:186} INFO - Started process (PID=361) to work on /opt/airflow/dags/assignment_dag.py
[2026-05-14T17:06:53.838+0000] {processor.py:914} INFO - Processing file /opt/airflow/dags/assignment_dag.py for tasks to queue
[2026-05-14T17:06:53.841+0000] {logging_mixin.py:190} INFO - [2026-05-14T17:06:53.841+0000] {dagbag.py:588} INFO - Filling up the DagBag from /opt/airflow/dags/assignment_dag.py
[2026-05-14T17:06:54.298+0000] {processor.py:925} INFO - DAG(s) 'assignment_dag' retrieved from /opt/airflow/dags/assignment_dag.py
[2026-05-14T17:06:54.312+0000] {logging_mixin.py:190} INFO - [2026-05-14T17:06:54.312+0000] {dag.py:3239} INFO - Sync 1 DAGs
[2026-05-14T17:06:54.320+0000] {logging_mixin.py:190} INFO - [2026-05-14T17:06:54.320+0000] {dag.py:4180} INFO - Setting next_dagrun for assignment_dag to None, run_after=None
[2026-05-14T17:06:54.331+0000] {processor.py:208} INFO - Processing /opt/airflow/dags/assignment_dag.py took 0.501 seconds
[2026-05-14T17:07:24.862+0000] {processor.py:186} INFO - Started process (PID=372) to work on /opt/airflow/dags/assignment_dag.py
[2026-05-14T17:07:24.865+0000] {processor.py:914} INFO - Processing file /opt/airflow/dags/assignment_dag.py for tasks to queue
[2026-05-14T17:07:24.870+0000] {logging_mixin.py:190} INFO - [2026-05-14T17:07:24.870+0000] {dagbag.py:588} INFO - Filling up the DagBag from /opt/airflow/dags/assignment_dag.py
[2026-05-14T17:07:25.469+0000] {processor.py:925} INFO - DAG(s) 'assignment_dag' retrieved from /opt/airflow/dags/assignment_dag.py
[2026-05-14T17:07:25.503+0000] {logging_mixin.py:190} INFO - [2026-05-14T17:07:25.503+0000] {dag.py:3239} INFO - Sync 1 DAGs
[2026-05-14T17:07:25.514+0000] {logging_mixin.py:190} INFO - [2026-05-14T17:07:25.514+0000] {dag.py:4180} INFO - Setting next_dagrun for assignment_dag to None, run_after=None
[2026-05-14T17:07:25.527+0000] {processor.py:208} INFO - Processing /opt/airflow/dags/assignment_dag.py took 0.678 seconds
[2026-05-14T17:07:55.616+0000] {processor.py:186} INFO - Started process (PID=383) to work on /opt/airflow/dags/assignment_dag.py
[2026-05-14T17:07:55.617+0000] {processor.py:914} INFO - Processing file /opt/airflow/dags/assignment_dag.py for tasks to queue
[2026-05-14T17:07:55.618+0000] {logging_mixin.py:190} INFO - [2026-05-14T17:07:55.618+0000] {dagbag.py:588} INFO - Filling up the DagBag from /opt/airflow/dags/assignment_dag.py
[2026-05-14T17:07:55.991+0000] {processor.py:925} INFO - DAG(s) 'assignment_dag' retrieved from /opt/airflow/dags/assignment_dag.py
[2026-05-14T17:07:56.007+0000] {logging_mixin.py:190} INFO - [2026-05-14T17:07:56.007+0000] {dag.py:3239} INFO - Sync 1 DAGs
[2026-05-14T17:07:56.015+0000] {logging_mixin.py:190} INFO - [2026-05-14T17:07:56.015+0000] {dag.py:4180} INFO - Setting next_dagrun for assignment_dag to None, run_after=None
[2026-05-14T17:07:56.027+0000] {processor.py:208} INFO - Processing /opt/airflow/dags/assignment_dag.py took 0.417 seconds
[2026-05-14T17:08:26.141+0000] {processor.py:186} INFO - Started process (PID=394) to work on /opt/airflow/dags/assignment_dag.py
[2026-05-14T17:08:26.142+0000] {processor.py:914} INFO - Processing file /opt/airflow/dags/assignment_dag.py for tasks to queue
[2026-05-14T17:08:26.147+0000] {logging_mixin.py:190} INFO - [2026-05-14T17:08:26.146+0000] {dagbag.py:588} INFO - Filling up the DagBag from /opt/airflow/dags/assignment_dag.py
[2026-05-14T17:08:26.640+0000] {processor.py:925} INFO - DAG(s) 'assignment_dag' retrieved from /opt/airflow/dags/assignment_dag.py
[2026-05-14T17:08:26.655+0000] {logging_mixin.py:190} INFO - [2026-05-14T17:08:26.654+0000] {dag.py:3239} INFO - Sync 1 DAGs
[2026-05-14T17:08:26.662+0000] {logging_mixin.py:190} INFO - [2026-05-14T17:08:26.662+0000] {dag.py:4180} INFO - Setting next_dagrun for assignment_dag to None, run_after=None
[2026-05-14T17:08:26.671+0000] {processor.py:208} INFO - Processing /opt/airflow/dags/assignment_dag.py took 0.541 seconds
[2026-05-14T17:08:57.002+0000] {processor.py:186} INFO - Started process (PID=408) to work on /opt/airflow/dags/assignment_dag.py
[2026-05-14T17:08:57.002+0000] {processor.py:914} INFO - Processing file /opt/airflow/dags/assignment_dag.py for tasks to queue
[2026-05-14T17:08:57.004+0000] {logging_mixin.py:190} INFO - [2026-05-14T17:08:57.004+0000] {dagbag.py:588} INFO - Filling up the DagBag from /opt/airflow/dags/assignment_dag.py
[2026-05-14T17:08:57.342+0000] {processor.py:925} INFO - DAG(s) 'assignment_dag' retrieved from /opt/airflow/dags/assignment_dag.py
[2026-05-14T17:08:57.356+0000] {logging_mixin.py:190} INFO - [2026-05-14T17:08:57.355+0000] {dag.py:3239} INFO - Sync 1 DAGs
[2026-05-14T17:08:57.363+0000] {logging_mixin.py:190} INFO - [2026-05-14T17:08:57.363+0000] {dag.py:4180} INFO - Setting next_dagrun for assignment_dag to None, run_after=None
[2026-05-14T17:08:57.372+0000] {processor.py:208} INFO - Processing /opt/airflow/dags/assignment_dag.py took 0.376 seconds
[2026-05-14T17:09:27.642+0000] {processor.py:186} INFO - Started process (PID=419) to work on /opt/airflow/dags/assignment_dag.py
[2026-05-14T17:09:27.643+0000] {processor.py:914} INFO - Processing file /opt/airflow/dags/assignment_dag.py for tasks to queue
[2026-05-14T17:09:27.646+0000] {logging_mixin.py:190} INFO - [2026-05-14T17:09:27.646+0000] {dagbag.py:588} INFO - Filling up the DagBag from /opt/airflow/dags/assignment_dag.py
[2026-05-14T17:09:28.186+0000] {processor.py:925} INFO - DAG(s) 'assignment_dag' retrieved from /opt/airflow/dags/assignment_dag.py
[2026-05-14T17:09:28.200+0000] {logging_mixin.py:190} INFO - [2026-05-14T17:09:28.200+0000] {dag.py:3239} INFO - Sync 1 DAGs
[2026-05-14T17:09:28.208+0000] {logging_mixin.py:190} INFO - [2026-05-14T17:09:28.208+0000] {dag.py:4180} INFO - Setting next_dagrun for assignment_dag to None, run_after=None
[2026-05-14T17:09:28.219+0000] {processor.py:208} INFO - Processing /opt/airflow/dags/assignment_dag.py took 0.584 seconds
[2026-05-14T17:09:58.614+0000] {processor.py:186} INFO - Started process (PID=430) to work on /opt/airflow/dags/assignment_dag.py
[2026-05-14T17:09:58.615+0000] {processor.py:914} INFO - Processing file /opt/airflow/dags/assignment_dag.py for tasks to queue
[2026-05-14T17:09:58.618+0000] {logging_mixin.py:190} INFO - [2026-05-14T17:09:58.618+0000] {dagbag.py:588} INFO - Filling up the DagBag from /opt/airflow/dags/assignment_dag.py
[2026-05-14T17:09:59.099+0000] {processor.py:925} INFO - DAG(s) 'assignment_dag' retrieved from /opt/airflow/dags/assignment_dag.py
[2026-05-14T17:09:59.115+0000] {logging_mixin.py:190} INFO - [2026-05-14T17:09:59.114+0000] {dag.py:3239} INFO - Sync 1 DAGs
[2026-05-14T17:09:59.125+0000] {logging_mixin.py:190} INFO - [2026-05-14T17:09:59.125+0000] {dag.py:4180} INFO - Setting next_dagrun for assignment_dag to None, run_after=None
[2026-05-14T17:09:59.136+0000] {processor.py:208} INFO - Processing /opt/airflow/dags/assignment_dag.py took 0.528 seconds
[2026-05-14T17:10:29.360+0000] {processor.py:186} INFO - Started process (PID=441) to work on /opt/airflow/dags/assignment_dag.py
[2026-05-14T17:10:29.361+0000] {processor.py:914} INFO - Processing file /opt/airflow/dags/assignment_dag.py for tasks to queue
[2026-05-14T17:10:29.364+0000] {logging_mixin.py:190} INFO - [2026-05-14T17:10:29.364+0000] {dagbag.py:588} INFO - Filling up the DagBag from /opt/airflow/dags/assignment_dag.py
[2026-05-14T17:10:29.893+0000] {processor.py:925} INFO - DAG(s) 'assignment_dag' retrieved from /opt/airflow/dags/assignment_dag.py
[2026-05-14T17:10:29.924+0000] {logging_mixin.py:190} INFO - [2026-05-14T17:10:29.924+0000] {dag.py:3239} INFO - Sync 1 DAGs
[2026-05-14T17:10:29.935+0000] {logging_mixin.py:190} INFO - [2026-05-14T17:10:29.934+0000] {dag.py:4180} INFO - Setting next_dagrun for assignment_dag to None, run_after=None
[2026-05-14T17:10:29.946+0000] {processor.py:208} INFO - Processing /opt/airflow/dags/assignment_dag.py took 0.600 seconds
[2026-05-14T17:11:00.346+0000] {processor.py:186} INFO - Started process (PID=452) to work on /opt/airflow/dags/assignment_dag.py
[2026-05-14T17:11:00.347+0000] {processor.py:914} INFO - Processing file /opt/airflow/dags/assignment_dag.py for tasks to queue
[2026-05-14T17:11:00.351+0000] {logging_mixin.py:190} INFO - [2026-05-14T17:11:00.351+0000] {dagbag.py:588} INFO - Filling up the DagBag from /opt/airflow/dags/assignment_dag.py
[2026-05-14T17:11:00.923+0000] {processor.py:925} INFO - DAG(s) 'assignment_dag' retrieved from /opt/airflow/dags/assignment_dag.py
[2026-05-14T17:11:00.946+0000] {logging_mixin.py:190} INFO - [2026-05-14T17:11:00.945+0000] {dag.py:3239} INFO - Sync 1 DAGs
[2026-05-14T17:11:00.956+0000] {logging_mixin.py:190} INFO - [2026-05-14T17:11:00.956+0000] {dag.py:4180} INFO - Setting next_dagrun for assignment_dag to None, run_after=None
[2026-05-14T17:11:00.967+0000] {processor.py:208} INFO - Processing /opt/airflow/dags/assignment_dag.py took 0.632 seconds
[2026-05-14T17:11:31.175+0000] {processor.py:186} INFO - Started process (PID=463) to work on /opt/airflow/dags/assignment_dag.py
[2026-05-14T17:11:31.178+0000] {processor.py:914} INFO - Processing file /opt/airflow/dags/assignment_dag.py for tasks to queue
[2026-05-14T17:11:31.182+0000] {logging_mixin.py:190} INFO - [2026-05-14T17:11:31.182+0000] {dagbag.py:588} INFO - Filling up the DagBag from /opt/airflow/dags/assignment_dag.py
[2026-05-14T17:11:31.809+0000] {processor.py:925} INFO - DAG(s) 'assignment_dag' retrieved from /opt/airflow/dags/assignment_dag.py
[2026-05-14T17:11:31.845+0000] {logging_mixin.py:190} INFO - [2026-05-14T17:11:31.844+0000] {dag.py:3239} INFO - Sync 1 DAGs
[2026-05-14T17:11:31.877+0000] {logging_mixin.py:190} INFO - [2026-05-14T17:11:31.877+0000] {dag.py:4180} INFO - Setting next_dagrun for assignment_dag to None, run_after=None
[2026-05-14T17:11:31.893+0000] {processor.py:208} INFO - Processing /opt/airflow/dags/assignment_dag.py took 0.729 seconds
[2026-05-14T17:12:36.280+0000] {processor.py:186} INFO - Started process (PID=180) to work on /opt/airflow/dags/assignment_dag.py
[2026-05-14T17:12:36.281+0000] {processor.py:914} INFO - Processing file /opt/airflow/dags/assignment_dag.py for tasks to queue
[2026-05-14T17:12:36.283+0000] {logging_mixin.py:190} INFO - [2026-05-14T17:12:36.283+0000] {dagbag.py:588} INFO - Filling up the DagBag from /opt/airflow/dags/assignment_dag.py
[2026-05-14T17:12:37.744+0000] {processor.py:925} INFO - DAG(s) 'assignment_dag' retrieved from /opt/airflow/dags/assignment_dag.py
[2026-05-14T17:12:38.114+0000] {logging_mixin.py:190} INFO - [2026-05-14T17:12:38.112+0000] {override.py:1911} INFO - Created Permission View: can edit on DAG:assignment_dag
[2026-05-14T17:12:38.133+0000] {logging_mixin.py:190} INFO - [2026-05-14T17:12:38.132+0000] {override.py:1911} INFO - Created Permission View: can delete on DAG:assignment_dag
[2026-05-14T17:12:38.164+0000] {logging_mixin.py:190} INFO - [2026-05-14T17:12:38.163+0000] {override.py:1911} INFO - Created Permission View: can read on DAG:assignment_dag
[2026-05-14T17:12:38.183+0000] {logging_mixin.py:190} INFO - [2026-05-14T17:12:38.182+0000] {override.py:1911} INFO - Created Permission View: menu access on DAG Run:assignment_dag
[2026-05-14T17:12:38.202+0000] {logging_mixin.py:190} INFO - [2026-05-14T17:12:38.201+0000] {override.py:1911} INFO - Created Permission View: can create on DAG Run:assignment_dag
[2026-05-14T17:12:38.212+0000] {logging_mixin.py:190} INFO - [2026-05-14T17:12:38.212+0000] {override.py:1911} INFO - Created Permission View: can delete on DAG Run:assignment_dag
[2026-05-14T17:12:38.228+0000] {logging_mixin.py:190} INFO - [2026-05-14T17:12:38.226+0000] {override.py:1911} INFO - Created Permission View: can read on DAG Run:assignment_dag
[2026-05-14T17:12:38.230+0000] {logging_mixin.py:190} INFO - [2026-05-14T17:12:38.229+0000] {dag.py:3239} INFO - Sync 1 DAGs
[2026-05-14T17:12:38.255+0000] {logging_mixin.py:190} INFO - [2026-05-14T17:12:38.254+0000] {dag.py:3262} INFO - Creating ORM DAG for assignment_dag
[2026-05-14T17:12:38.256+0000] {logging_mixin.py:190} INFO - [2026-05-14T17:12:38.256+0000] {dag.py:4180} INFO - Setting next_dagrun for assignment_dag to None, run_after=None
[2026-05-14T17:12:38.289+0000] {processor.py:208} INFO - Processing /opt/airflow/dags/assignment_dag.py took 2.019 seconds
[2026-05-14T17:13:08.504+0000] {processor.py:186} INFO - Started process (PID=191) to work on /opt/airflow/dags/assignment_dag.py
[2026-05-14T17:13:08.504+0000] {processor.py:914} INFO - Processing file /opt/airflow/dags/assignment_dag.py for tasks to queue
[2026-05-14T17:13:08.506+0000] {logging_mixin.py:190} INFO - [2026-05-14T17:13:08.506+0000] {dagbag.py:588} INFO - Filling up the DagBag from /opt/airflow/dags/assignment_dag.py
[2026-05-14T17:13:08.874+0000] {processor.py:925} INFO - DAG(s) 'assignment_dag' retrieved from /opt/airflow/dags/assignment_dag.py
[2026-05-14T17:13:08.888+0000] {logging_mixin.py:190} INFO - [2026-05-14T17:13:08.888+0000] {dag.py:3239} INFO - Sync 1 DAGs
[2026-05-14T17:13:08.896+0000] {logging_mixin.py:190} INFO - [2026-05-14T17:13:08.896+0000] {dag.py:4180} INFO - Setting next_dagrun for assignment_dag to None, run_after=None
[2026-05-14T17:13:08.906+0000] {processor.py:208} INFO - Processing /opt/airflow/dags/assignment_dag.py took 0.407 seconds
[2026-05-14T17:13:39.198+0000] {processor.py:186} INFO - Started process (PID=208) to work on /opt/airflow/dags/assignment_dag.py
[2026-05-14T17:13:39.199+0000] {processor.py:914} INFO - Processing file /opt/airflow/dags/assignment_dag.py for tasks to queue
[2026-05-14T17:13:39.202+0000] {logging_mixin.py:190} INFO - [2026-05-14T17:13:39.201+0000] {dagbag.py:588} INFO - Filling up the DagBag from /opt/airflow/dags/assignment_dag.py
[2026-05-14T17:13:39.646+0000] {processor.py:925} INFO - DAG(s) 'assignment_dag' retrieved from /opt/airflow/dags/assignment_dag.py
[2026-05-14T17:13:39.662+0000] {logging_mixin.py:190} INFO - [2026-05-14T17:13:39.661+0000] {dag.py:3239} INFO - Sync 1 DAGs
[2026-05-14T17:13:39.670+0000] {logging_mixin.py:190} INFO - [2026-05-14T17:13:39.669+0000] {dag.py:4180} INFO - Setting next_dagrun for assignment_dag to None, run_after=None
[2026-05-14T17:13:39.680+0000] {processor.py:208} INFO - Processing /opt/airflow/dags/assignment_dag.py took 0.487 seconds
[2026-05-14T17:14:09.961+0000] {processor.py:186} INFO - Started process (PID=219) to work on /opt/airflow/dags/assignment_dag.py
[2026-05-14T17:14:09.963+0000] {processor.py:914} INFO - Processing file /opt/airflow/dags/assignment_dag.py for tasks to queue
[2026-05-14T17:14:09.966+0000] {logging_mixin.py:190} INFO - [2026-05-14T17:14:09.965+0000] {dagbag.py:588} INFO - Filling up the DagBag from /opt/airflow/dags/assignment_dag.py
[2026-05-14T17:14:10.676+0000] {processor.py:925} INFO - DAG(s) 'assignment_dag' retrieved from /opt/airflow/dags/assignment_dag.py
[2026-05-14T17:14:10.701+0000] {logging_mixin.py:190} INFO - [2026-05-14T17:14:10.700+0000] {dag.py:3239} INFO - Sync 1 DAGs
[2026-05-14T17:14:10.714+0000] {logging_mixin.py:190} INFO - [2026-05-14T17:14:10.714+0000] {dag.py:4180} INFO - Setting next_dagrun for assignment_dag to None, run_after=None
[2026-05-14T17:14:10.725+0000] {processor.py:208} INFO - Processing /opt/airflow/dags/assignment_dag.py took 0.775 seconds
[2026-05-14T17:21:01.698+0000] {processor.py:186} INFO - Started process (PID=186) to work on /opt/airflow/dags/assignment_dag.py
[2026-05-14T17:21:01.700+0000] {processor.py:914} INFO - Processing file /opt/airflow/dags/assignment_dag.py for tasks to queue
[2026-05-14T17:21:01.707+0000] {logging_mixin.py:190} INFO - [2026-05-14T17:21:01.707+0000] {dagbag.py:588} INFO - Filling up the DagBag from /opt/airflow/dags/assignment_dag.py
[2026-05-14T17:21:03.240+0000] {processor.py:925} INFO - DAG(s) 'assignment_dag' retrieved from /opt/airflow/dags/assignment_dag.py
[2026-05-14T17:21:03.404+0000] {logging_mixin.py:190} INFO - [2026-05-14T17:21:03.403+0000] {override.py:1911} INFO - Created Permission View: can edit on DAG:assignment_dag
[2026-05-14T17:21:03.409+0000] {logging_mixin.py:190} INFO - [2026-05-14T17:21:03.408+0000] {override.py:1911} INFO - Created Permission View: can delete on DAG:assignment_dag
[2026-05-14T17:21:03.411+0000] {logging_mixin.py:190} INFO - [2026-05-14T17:21:03.411+0000] {override.py:1911} INFO - Created Permission View: can read on DAG:assignment_dag
[2026-05-14T17:21:03.415+0000] {logging_mixin.py:190} INFO - [2026-05-14T17:21:03.415+0000] {override.py:1911} INFO - Created Permission View: can delete on DAG Run:assignment_dag
[2026-05-14T17:21:03.418+0000] {logging_mixin.py:190} INFO - [2026-05-14T17:21:03.418+0000] {override.py:1911} INFO - Created Permission View: menu access on DAG Run:assignment_dag
[2026-05-14T17:21:03.421+0000] {logging_mixin.py:190} INFO - [2026-05-14T17:21:03.421+0000] {override.py:1911} INFO - Created Permission View: can read on DAG Run:assignment_dag
[2026-05-14T17:21:03.424+0000] {logging_mixin.py:190} INFO - [2026-05-14T17:21:03.424+0000] {override.py:1911} INFO - Created Permission View: can create on DAG Run:assignment_dag
[2026-05-14T17:21:03.425+0000] {logging_mixin.py:190} INFO - [2026-05-14T17:21:03.425+0000] {dag.py:3239} INFO - Sync 1 DAGs
[2026-05-14T17:21:03.432+0000] {logging_mixin.py:190} INFO - [2026-05-14T17:21:03.432+0000] {dag.py:3262} INFO - Creating ORM DAG for assignment_dag
[2026-05-14T17:21:03.432+0000] {logging_mixin.py:190} INFO - [2026-05-14T17:21:03.432+0000] {dag.py:4180} INFO - Setting next_dagrun for assignment_dag to None, run_after=None
[2026-05-14T17:21:03.441+0000] {processor.py:208} INFO - Processing /opt/airflow/dags/assignment_dag.py took 1.749 seconds
[2026-05-14T17:21:33.723+0000] {processor.py:186} INFO - Started process (PID=197) to work on /opt/airflow/dags/assignment_dag.py
[2026-05-14T17:21:33.724+0000] {processor.py:914} INFO - Processing file /opt/airflow/dags/assignment_dag.py for tasks to queue
[2026-05-14T17:21:33.727+0000] {logging_mixin.py:190} INFO - [2026-05-14T17:21:33.726+0000] {dagbag.py:588} INFO - Filling up the DagBag from /opt/airflow/dags/assignment_dag.py
[2026-05-14T17:21:34.264+0000] {processor.py:925} INFO - DAG(s) 'assignment_dag' retrieved from /opt/airflow/dags/assignment_dag.py
[2026-05-14T17:21:34.279+0000] {logging_mixin.py:190} INFO - [2026-05-14T17:21:34.279+0000] {dag.py:3239} INFO - Sync 1 DAGs
[2026-05-14T17:21:34.286+0000] {logging_mixin.py:190} INFO - [2026-05-14T17:21:34.286+0000] {dag.py:4180} INFO - Setting next_dagrun for assignment_dag to None, run_after=None
[2026-05-14T17:21:34.295+0000] {processor.py:208} INFO - Processing /opt/airflow/dags/assignment_dag.py took 0.579 seconds
[2026-05-14T17:22:04.651+0000] {processor.py:186} INFO - Started process (PID=208) to work on /opt/airflow/dags/assignment_dag.py
[2026-05-14T17:22:04.653+0000] {processor.py:914} INFO - Processing file /opt/airflow/dags/assignment_dag.py for tasks to queue
[2026-05-14T17:22:04.657+0000] {logging_mixin.py:190} INFO - [2026-05-14T17:22:04.656+0000] {dagbag.py:588} INFO - Filling up the DagBag from /opt/airflow/dags/assignment_dag.py
[2026-05-14T17:22:05.317+0000] {processor.py:925} INFO - DAG(s) 'assignment_dag' retrieved from /opt/airflow/dags/assignment_dag.py
[2026-05-14T17:22:05.337+0000] {logging_mixin.py:190} INFO - [2026-05-14T17:22:05.337+0000] {dag.py:3239} INFO - Sync 1 DAGs
[2026-05-14T17:22:05.350+0000] {logging_mixin.py:190} INFO - [2026-05-14T17:22:05.350+0000] {dag.py:4180} INFO - Setting next_dagrun for assignment_dag to None, run_after=None
[2026-05-14T17:22:05.365+0000] {processor.py:208} INFO - Processing /opt/airflow/dags/assignment_dag.py took 0.723 seconds
[2026-05-14T17:22:35.581+0000] {processor.py:186} INFO - Started process (PID=228) to work on /opt/airflow/dags/assignment_dag.py
[2026-05-14T17:22:35.583+0000] {processor.py:914} INFO - Processing file /opt/airflow/dags/assignment_dag.py for tasks to queue
[2026-05-14T17:22:35.585+0000] {logging_mixin.py:190} INFO - [2026-05-14T17:22:35.585+0000] {dagbag.py:588} INFO - Filling up the DagBag from /opt/airflow/dags/assignment_dag.py
[2026-05-14T17:22:35.913+0000] {processor.py:925} INFO - DAG(s) 'assignment_dag' retrieved from /opt/airflow/dags/assignment_dag.py
[2026-05-14T17:22:35.927+0000] {logging_mixin.py:190} INFO - [2026-05-14T17:22:35.927+0000] {dag.py:3239} INFO - Sync 1 DAGs
[2026-05-14T17:22:35.935+0000] {logging_mixin.py:190} INFO - [2026-05-14T17:22:35.935+0000] {dag.py:4180} INFO - Setting next_dagrun for assignment_dag to None, run_after=None
[2026-05-14T17:22:35.945+0000] {processor.py:208} INFO - Processing /opt/airflow/dags/assignment_dag.py took 0.371 seconds
[2026-05-14T17:23:06.031+0000] {processor.py:186} INFO - Started process (PID=239) to work on /opt/airflow/dags/assignment_dag.py
[2026-05-14T17:23:06.032+0000] {processor.py:914} INFO - Processing file /opt/airflow/dags/assignment_dag.py for tasks to queue
[2026-05-14T17:23:06.035+0000] {logging_mixin.py:190} INFO - [2026-05-14T17:23:06.035+0000] {dagbag.py:588} INFO - Filling up the DagBag from /opt/airflow/dags/assignment_dag.py
[2026-05-14T17:23:06.448+0000] {processor.py:925} INFO - DAG(s) 'assignment_dag' retrieved from /opt/airflow/dags/assignment_dag.py
[2026-05-14T17:23:06.463+0000] {logging_mixin.py:190} INFO - [2026-05-14T17:23:06.462+0000] {dag.py:3239} INFO - Sync 1 DAGs
[2026-05-14T17:23:06.471+0000] {logging_mixin.py:190} INFO - [2026-05-14T17:23:06.471+0000] {dag.py:4180} INFO - Setting next_dagrun for assignment_dag to None, run_after=None
[2026-05-14T17:23:06.481+0000] {processor.py:208} INFO - Processing /opt/airflow/dags/assignment_dag.py took 0.459 seconds
[2026-05-14T17:23:36.636+0000] {processor.py:186} INFO - Started process (PID=253) to work on /opt/airflow/dags/assignment_dag.py
[2026-05-14T17:23:36.637+0000] {processor.py:914} INFO - Processing file /opt/airflow/dags/assignment_dag.py for tasks to queue
[2026-05-14T17:23:36.642+0000] {logging_mixin.py:190} INFO - [2026-05-14T17:23:36.641+0000] {dagbag.py:588} INFO - Filling up the DagBag from /opt/airflow/dags/assignment_dag.py
[2026-05-14T17:23:37.108+0000] {processor.py:925} INFO - DAG(s) 'assignment_dag' retrieved from /opt/airflow/dags/assignment_dag.py
[2026-05-14T17:23:37.124+0000] {logging_mixin.py:190} INFO - [2026-05-14T17:23:37.124+0000] {dag.py:3239} INFO - Sync 1 DAGs
[2026-05-14T17:23:37.132+0000] {logging_mixin.py:190} INFO - [2026-05-14T17:23:37.132+0000] {dag.py:4180} INFO - Setting next_dagrun for assignment_dag to None, run_after=None
[2026-05-14T17:23:37.143+0000] {processor.py:208} INFO - Processing /opt/airflow/dags/assignment_dag.py took 0.517 seconds
[2026-05-14T17:24:07.433+0000] {processor.py:186} INFO - Started process (PID=264) to work on /opt/airflow/dags/assignment_dag.py
[2026-05-14T17:24:07.434+0000] {processor.py:914} INFO - Processing file /opt/airflow/dags/assignment_dag.py for tasks to queue
[2026-05-14T17:24:07.437+0000] {logging_mixin.py:190} INFO - [2026-05-14T17:24:07.436+0000] {dagbag.py:588} INFO - Filling up the DagBag from /opt/airflow/dags/assignment_dag.py
[2026-05-14T17:24:07.875+0000] {processor.py:925} INFO - DAG(s) 'assignment_dag' retrieved from /opt/airflow/dags/assignment_dag.py
[2026-05-14T17:24:07.890+0000] {logging_mixin.py:190} INFO - [2026-05-14T17:24:07.889+0000] {dag.py:3239} INFO - Sync 1 DAGs
[2026-05-14T17:24:07.897+0000] {logging_mixin.py:190} INFO - [2026-05-14T17:24:07.897+0000] {dag.py:4180} INFO - Setting next_dagrun for assignment_dag to None, run_after=None
[2026-05-14T17:24:07.907+0000] {processor.py:208} INFO - Processing /opt/airflow/dags/assignment_dag.py took 0.483 seconds
[2026-05-14T17:24:38.270+0000] {processor.py:186} INFO - Started process (PID=275) to work on /opt/airflow/dags/assignment_dag.py
[2026-05-14T17:24:38.271+0000] {processor.py:914} INFO - Processing file /opt/airflow/dags/assignment_dag.py for tasks to queue
[2026-05-14T17:24:38.274+0000] {logging_mixin.py:190} INFO - [2026-05-14T17:24:38.274+0000] {dagbag.py:588} INFO - Filling up the DagBag from /opt/airflow/dags/assignment_dag.py
[2026-05-14T17:24:38.669+0000] {processor.py:925} INFO - DAG(s) 'assignment_dag' retrieved from /opt/airflow/dags/assignment_dag.py
[2026-05-14T17:24:38.683+0000] {logging_mixin.py:190} INFO - [2026-05-14T17:24:38.683+0000] {dag.py:3239} INFO - Sync 1 DAGs
[2026-05-14T17:24:38.691+0000] {logging_mixin.py:190} INFO - [2026-05-14T17:24:38.690+0000] {dag.py:4180} INFO - Setting next_dagrun for assignment_dag to None, run_after=None
[2026-05-14T17:24:38.701+0000] {processor.py:208} INFO - Processing /opt/airflow/dags/assignment_dag.py took 0.439 seconds
[2026-05-14T17:25:09.066+0000] {processor.py:186} INFO - Started process (PID=286) to work on /opt/airflow/dags/assignment_dag.py
[2026-05-14T17:25:09.067+0000] {processor.py:914} INFO - Processing file /opt/airflow/dags/assignment_dag.py for tasks to queue
[2026-05-14T17:25:09.069+0000] {logging_mixin.py:190} INFO - [2026-05-14T17:25:09.069+0000] {dagbag.py:588} INFO - Filling up the DagBag from /opt/airflow/dags/assignment_dag.py
[2026-05-14T17:25:09.398+0000] {processor.py:925} INFO - DAG(s) 'assignment_dag' retrieved from /opt/airflow/dags/assignment_dag.py
[2026-05-14T17:25:09.412+0000] {logging_mixin.py:190} INFO - [2026-05-14T17:25:09.412+0000] {dag.py:3239} INFO - Sync 1 DAGs
[2026-05-14T17:25:09.419+0000] {logging_mixin.py:190} INFO - [2026-05-14T17:25:09.419+0000] {dag.py:4180} INFO - Setting next_dagrun for assignment_dag to None, run_after=None
[2026-05-14T17:25:09.429+0000] {processor.py:208} INFO - Processing /opt/airflow/dags/assignment_dag.py took 0.370 seconds
[2026-05-14T17:25:39.765+0000] {processor.py:186} INFO - Started process (PID=297) to work on /opt/airflow/dags/assignment_dag.py
[2026-05-14T17:25:39.766+0000] {processor.py:914} INFO - Processing file /opt/airflow/dags/assignment_dag.py for tasks to queue
[2026-05-14T17:25:39.768+0000] {logging_mixin.py:190} INFO - [2026-05-14T17:25:39.768+0000] {dagbag.py:588} INFO - Filling up the DagBag from /opt/airflow/dags/assignment_dag.py
[2026-05-14T17:25:40.104+0000] {processor.py:925} INFO - DAG(s) 'assignment_dag' retrieved from /opt/airflow/dags/assignment_dag.py
[2026-05-14T17:25:40.118+0000] {logging_mixin.py:190} INFO - [2026-05-14T17:25:40.117+0000] {dag.py:3239} INFO - Sync 1 DAGs
[2026-05-14T17:25:40.126+0000] {logging_mixin.py:190} INFO - [2026-05-14T17:25:40.126+0000] {dag.py:4180} INFO - Setting next_dagrun for assignment_dag to None, run_after=None
[2026-05-14T17:25:40.136+0000] {processor.py:208} INFO - Processing /opt/airflow/dags/assignment_dag.py took 0.376 seconds
[2026-05-14T17:26:10.488+0000] {processor.py:186} INFO - Started process (PID=308) to work on /opt/airflow/dags/assignment_dag.py
[2026-05-14T17:26:10.489+0000] {processor.py:914} INFO - Processing file /opt/airflow/dags/assignment_dag.py for tasks to queue
[2026-05-14T17:26:10.492+0000] {logging_mixin.py:190} INFO - [2026-05-14T17:26:10.492+0000] {dagbag.py:588} INFO - Filling up the DagBag from /opt/airflow/dags/assignment_dag.py
[2026-05-14T17:26:11.107+0000] {processor.py:925} INFO - DAG(s) 'assignment_dag' retrieved from /opt/airflow/dags/assignment_dag.py
[2026-05-14T17:26:11.130+0000] {logging_mixin.py:190} INFO - [2026-05-14T17:26:11.129+0000] {dag.py:3239} INFO - Sync 1 DAGs
[2026-05-14T17:26:11.140+0000] {logging_mixin.py:190} INFO - [2026-05-14T17:26:11.140+0000] {dag.py:4180} INFO - Setting next_dagrun for assignment_dag to None, run_after=None
[2026-05-14T17:26:11.151+0000] {processor.py:208} INFO - Processing /opt/airflow/dags/assignment_dag.py took 0.677 seconds
